#
# There is insufficient memory for the Java Runtime Environment to continue.
# Native memory allocation (malloc) failed to allocate 933696 bytes for Chunk::new
# Possible reasons:
#   The system is out of physical RAM or swap space
#   The process is running with CompressedOops enabled, and the Java Heap may be blocking the growth of the native heap
# Possible solutions:
#   Reduce memory load on the system
#   Increase physical memory or swap space
#   Check if swap backing store is full
#   Decrease Java heap size (-Xmx/-Xms)
#   Decrease number of Java threads
#   Decrease Java thread stack sizes (-Xss)
#   Set larger code cache with -XX:ReservedCodeCacheSize=
#   JVM is running with Unscaled Compressed Oops mode in which the Java heap is
#     placed in the first 4GB address space. The Java Heap base address is the
#     maximum limit for the native heap growth. Please use -XX:HeapBaseMinAddress
#     to set the Java Heap base and to place the Java Heap above 4GB virtual address.
# This output file may be truncated or incomplete.
#
#  Out of Memory Error (arena.cpp:191), pid=23924, tid=9556
#
# JRE version: OpenJDK Runtime Environment (17.0.9) (build 17.0.9+0--11185874)
# Java VM: OpenJDK 64-Bit Server VM (17.0.9+0--11185874, mixed mode, tiered, compressed oops, compressed class ptrs, g1 gc, windows-amd64)
# No core dump will be written. Minidumps are not enabled by default on client versions of Windows
#

---------------  S U M M A R Y ------------

Command Line: --add-opens=java.base/java.util=ALL-UNNAMED --add-opens=java.base/java.lang=ALL-UNNAMED --add-opens=java.base/java.lang.invoke=ALL-UNNAMED --add-opens=java.prefs/java.util.prefs=ALL-UNNAMED --add-opens=java.base/java.nio.charset=ALL-UNNAMED --add-opens=java.base/java.net=ALL-UNNAMED --add-opens=java.base/java.util.concurrent.atomic=ALL-UNNAMED -Xmx2048m -Dfile.encoding=UTF-8 -Duser.country=US -Duser.language=en -Duser.variant -javaagent:C:\Users\ASUS\.gradle\wrapper\dists\gradle-8.4-bin\1w5dpkrfk8irigvoxmyhowfim\gradle-8.4\lib\agents\gradle-instrumentation-agent-8.4.jar org.gradle.launcher.daemon.bootstrap.GradleDaemon 8.4

Host: Intel(R) Core(TM) i5-10300H CPU @ 2.50GHz, 8 cores, 15G,  Windows 11 , 64 bit Build 22621 (10.0.22621.3527)
Time: Sat Jun 15 01:28:57 2024 India Standard Time elapsed time: 8.393074 seconds (0d 0h 0m 8s)

---------------  T H R E A D  ---------------

Current thread (0x000001f26e260ec0):  JavaThread "C2 CompilerThread1" daemon [_thread_in_native, id=9556, stack(0x000000a95b300000,0x000000a95b400000)]


Current CompileTask:
C2:   8393 6580   !   4       org.jetbrains.kotlin.metadata.ProtoBuf$Function::<init> (1410 bytes)

Stack: [0x000000a95b300000,0x000000a95b400000]
Native frames: (J=compiled Java code, j=interpreted, Vv=VM code, C=native code)
V  [jvm.dll+0x6886e9]
V  [jvm.dll+0x841e4a]
V  [jvm.dll+0x843a8e]
V  [jvm.dll+0x8440f3]
V  [jvm.dll+0x24c14f]
V  [jvm.dll+0xac44c]
V  [jvm.dll+0xaca9c]
V  [jvm.dll+0x2b376f]
V  [jvm.dll+0x590767]
V  [jvm.dll+0x226762]
V  [jvm.dll+0x226b4f]
V  [jvm.dll+0x21fc76]
V  [jvm.dll+0x21d0c1]
V  [jvm.dll+0x1a674d]
V  [jvm.dll+0x22d088]
V  [jvm.dll+0x22b1c0]
V  [jvm.dll+0x7f62f7]
V  [jvm.dll+0x7f06aa]
V  [jvm.dll+0x687565]
C  [ucrtbase.dll+0x29333]
C  [KERNEL32.DLL+0x1257d]
C  [ntdll.dll+0x5aa48]


---------------  P R O C E S S  ---------------

Threads class SMR info:
_java_thread_list=0x000001f26f5bf690, length=44, elements={
0x000001f24a4cb650, 0x000001f2644e5030, 0x000001f2644e6650, 0x000001f264519930,
0x000001f26451a300, 0x000001f26451b660, 0x000001f26451e030, 0x000001f264534bd0,
0x000001f264535c80, 0x000001f264541510, 0x000001f2646033f0, 0x000001f269011600,
0x000001f26a857fb0, 0x000001f269ec0210, 0x000001f26a883520, 0x000001f26a5b2050,
0x000001f26a0477e0, 0x000001f26a3a9860, 0x000001f26a3a9d40, 0x000001f26b911230,
0x000001f26b9144d0, 0x000001f26b911740, 0x000001f26b913fc0, 0x000001f26b911c50,
0x000001f26b913090, 0x000001f26b9135a0, 0x000001f26b913ab0, 0x000001f26b912b80,
0x000001f26b912670, 0x000001f26b910d20, 0x000001f26a8acdf0, 0x000001f26a8afb80,
0x000001f26a8ad810, 0x000001f26a8b0fc0, 0x000001f26a8ab9b0, 0x000001f26a8aa570,
0x000001f26a8add20, 0x000001f26a8aaa80, 0x000001f26a8af670, 0x000001f26a8b14d0,
0x000001f26a8b0ab0, 0x000001f26a8ac3d0, 0x000001f26e260ec0, 0x000001f26e261410
}

Java Threads: ( => current thread )
  0x000001f24a4cb650 JavaThread "main" [_thread_blocked, id=24500, stack(0x000000a95a000000,0x000000a95a100000)]
  0x000001f2644e5030 JavaThread "Reference Handler" daemon [_thread_blocked, id=636, stack(0x000000a95a700000,0x000000a95a800000)]
  0x000001f2644e6650 JavaThread "Finalizer" daemon [_thread_blocked, id=13096, stack(0x000000a95a800000,0x000000a95a900000)]
  0x000001f264519930 JavaThread "Signal Dispatcher" daemon [_thread_blocked, id=11620, stack(0x000000a95a900000,0x000000a95aa00000)]
  0x000001f26451a300 JavaThread "Attach Listener" daemon [_thread_blocked, id=5620, stack(0x000000a95aa00000,0x000000a95ab00000)]
  0x000001f26451b660 JavaThread "Service Thread" daemon [_thread_blocked, id=13048, stack(0x000000a95ab00000,0x000000a95ac00000)]
  0x000001f26451e030 JavaThread "Monitor Deflation Thread" daemon [_thread_blocked, id=15948, stack(0x000000a95ac00000,0x000000a95ad00000)]
  0x000001f264534bd0 JavaThread "C2 CompilerThread0" daemon [_thread_in_native, id=12460, stack(0x000000a95ad00000,0x000000a95ae00000)]
  0x000001f264535c80 JavaThread "C1 CompilerThread0" daemon [_thread_blocked, id=8768, stack(0x000000a95ae00000,0x000000a95af00000)]
  0x000001f264541510 JavaThread "Sweeper thread" daemon [_thread_blocked, id=11808, stack(0x000000a95af00000,0x000000a95b000000)]
  0x000001f2646033f0 JavaThread "Common-Cleaner" daemon [_thread_blocked, id=1132, stack(0x000000a95b000000,0x000000a95b100000)]
  0x000001f269011600 JavaThread "Notification Thread" daemon [_thread_blocked, id=23796, stack(0x000000a95b100000,0x000000a95b200000)]
  0x000001f26a857fb0 JavaThread "Daemon health stats" [_thread_blocked, id=12408, stack(0x000000a95ba00000,0x000000a95bb00000)]
  0x000001f269ec0210 JavaThread "Incoming local TCP Connector on port 54785" [_thread_in_native, id=4492, stack(0x000000a95bb00000,0x000000a95bc00000)]
  0x000001f26a883520 JavaThread "Daemon periodic checks" [_thread_blocked, id=3996, stack(0x000000a95bc00000,0x000000a95bd00000)]
  0x000001f26a5b2050 JavaThread "Daemon" [_thread_blocked, id=6160, stack(0x000000a95bd00000,0x000000a95be00000)]
  0x000001f26a0477e0 JavaThread "Handler for socket connection from /127.0.0.1:54785 to /127.0.0.1:54786" [_thread_in_native, id=3360, stack(0x000000a95be00000,0x000000a95bf00000)]
  0x000001f26a3a9860 JavaThread "Cancel handler" [_thread_blocked, id=13224, stack(0x000000a95bf00000,0x000000a95c000000)]
  0x000001f26a3a9d40 JavaThread "Daemon worker" [_thread_in_vm, id=19292, stack(0x000000a95c000000,0x000000a95c100000)]
  0x000001f26b911230 JavaThread "Asynchronous log dispatcher for DefaultDaemonConnection: socket connection from /127.0.0.1:54785 to /127.0.0.1:54786" [_thread_blocked, id=17984, stack(0x000000a95c100000,0x000000a95c200000)]
  0x000001f26b9144d0 JavaThread "Stdin handler" [_thread_blocked, id=2692, stack(0x000000a95c200000,0x000000a95c300000)]
  0x000001f26b911740 JavaThread "Daemon client event forwarder" [_thread_blocked, id=18016, stack(0x000000a95c300000,0x000000a95c400000)]
  0x000001f26b913fc0 JavaThread "Cache worker for journal cache (C:\Users\ASUS\.gradle\caches\journal-1)" [_thread_blocked, id=17096, stack(0x000000a95c700000,0x000000a95c800000)]
  0x000001f26b911c50 JavaThread "File lock request listener" [_thread_in_native, id=13464, stack(0x000000a95c800000,0x000000a95c900000)]
  0x000001f26b913090 JavaThread "Cache worker for file hash cache (C:\Users\ASUS\.gradle\caches\8.4\fileHashes)" [_thread_blocked, id=5212, stack(0x000000a95c900000,0x000000a95ca00000)]
  0x000001f26b9135a0 JavaThread "File watcher server" daemon [_thread_in_native, id=14340, stack(0x000000a95ca00000,0x000000a95cb00000)]
  0x000001f26b913ab0 JavaThread "File watcher consumer" daemon [_thread_blocked, id=5304, stack(0x000000a95cb00000,0x000000a95cc00000)]
  0x000001f26b912b80 JavaThread "jar transforms" [_thread_blocked, id=10856, stack(0x000000a95cc00000,0x000000a95cd00000)]
  0x000001f26b912670 JavaThread "jar transforms Thread 2" [_thread_blocked, id=5248, stack(0x000000a95cd00000,0x000000a95ce00000)]
  0x000001f26b910d20 JavaThread "jar transforms Thread 3" [_thread_blocked, id=22452, stack(0x000000a95ce00000,0x000000a95cf00000)]
  0x000001f26a8acdf0 JavaThread "jar transforms Thread 4" [_thread_blocked, id=1728, stack(0x000000a95cf00000,0x000000a95d000000)]
  0x000001f26a8afb80 JavaThread "jar transforms Thread 5" [_thread_blocked, id=21096, stack(0x000000a95d000000,0x000000a95d100000)]
  0x000001f26a8ad810 JavaThread "jar transforms Thread 6" [_thread_blocked, id=19328, stack(0x000000a95d100000,0x000000a95d200000)]
  0x000001f26a8b0fc0 JavaThread "jar transforms Thread 7" [_thread_blocked, id=21144, stack(0x000000a95d200000,0x000000a95d300000)]
  0x000001f26a8ab9b0 JavaThread "jar transforms Thread 8" [_thread_blocked, id=20596, stack(0x000000a95d300000,0x000000a95d400000)]
  0x000001f26a8aa570 JavaThread "Cache worker for checksums cache (D:\Chatting app\Loop\.gradle\8.4\checksums)" [_thread_blocked, id=8396, stack(0x000000a95d400000,0x000000a95d500000)]
  0x000001f26a8add20 JavaThread "Cache worker for file hash cache (D:\Chatting app\Loop\.gradle\8.4\fileHashes)" [_thread_blocked, id=17828, stack(0x000000a95d500000,0x000000a95d600000)]
  0x000001f26a8aaa80 JavaThread "Cache worker for cache directory md-supplier (C:\Users\ASUS\.gradle\caches\8.4\md-supplier)" [_thread_blocked, id=19604, stack(0x000000a95d600000,0x000000a95d700000)]
  0x000001f26a8af670 JavaThread "Cache worker for file content cache (C:\Users\ASUS\.gradle\caches\8.4\fileContent)" [_thread_blocked, id=17436, stack(0x000000a95d700000,0x000000a95d800000)]
  0x000001f26a8b14d0 JavaThread "Cache worker for cache directory md-rule (C:\Users\ASUS\.gradle\caches\8.4\md-rule)" [_thread_blocked, id=4252, stack(0x000000a95d800000,0x000000a95d900000)]
  0x000001f26a8b0ab0 JavaThread "Cache worker for execution history cache (C:\Users\ASUS\.gradle\caches\8.4\executionHistory)" [_thread_blocked, id=15868, stack(0x000000a95d900000,0x000000a95da00000)]
  0x000001f26a8ac3d0 JavaThread "Cache worker for kotlin-dsl (C:\Users\ASUS\.gradle\caches\8.4\kotlin-dsl)" [_thread_blocked, id=23408, stack(0x000000a95da00000,0x000000a95db00000)]
=>0x000001f26e260ec0 JavaThread "C2 CompilerThread1" daemon [_thread_in_native, id=9556, stack(0x000000a95b300000,0x000000a95b400000)]
  0x000001f26e261410 JavaThread "C2 CompilerThread2" daemon [_thread_in_native, id=13300, stack(0x000000a95b900000,0x000000a95ba00000)]

Other Threads:
  0x000001f264357970 VMThread "VM Thread" [stack: 0x000000a95a600000,0x000000a95a700000] [id=4984]
  0x000001f24a4cc2e0 WatcherThread [stack: 0x000000a95b200000,0x000000a95b300000] [id=7360]
  0x000001f24a52c810 GCTaskThread "GC Thread#0" [stack: 0x000000a95a100000,0x000000a95a200000] [id=21856]
  0x000001f2696ca6c0 GCTaskThread "GC Thread#1" [stack: 0x000000a95b400000,0x000000a95b500000] [id=16240]
  0x000001f26987e2a0 GCTaskThread "GC Thread#2" [stack: 0x000000a95b500000,0x000000a95b600000] [id=10960]
  0x000001f26987e560 GCTaskThread "GC Thread#3" [stack: 0x000000a95b600000,0x000000a95b700000] [id=23752]
  0x000001f26987e820 GCTaskThread "GC Thread#4" [stack: 0x000000a95b700000,0x000000a95b800000] [id=17248]
  0x000001f269bc7e60 GCTaskThread "GC Thread#5" [stack: 0x000000a95b800000,0x000000a95b900000] [id=21740]
  0x000001f26a081420 GCTaskThread "GC Thread#6" [stack: 0x000000a95c400000,0x000000a95c500000] [id=17056]
  0x000001f26a081c60 GCTaskThread "GC Thread#7" [stack: 0x000000a95c500000,0x000000a95c600000] [id=18304]
  0x000001f24a53d760 ConcurrentGCThread "G1 Main Marker" [stack: 0x000000a95a200000,0x000000a95a300000] [id=20052]
  0x000001f24a53e180 ConcurrentGCThread "G1 Conc#0" [stack: 0x000000a95a300000,0x000000a95a400000] [id=18424]
  0x000001f26a0816e0 ConcurrentGCThread "G1 Conc#1" [stack: 0x000000a95c600000,0x000000a95c700000] [id=20664]
  0x000001f2641f71b0 ConcurrentGCThread "G1 Refine#0" [stack: 0x000000a95a400000,0x000000a95a500000] [id=11144]
  0x000001f26e4ee9f0 ConcurrentGCThread "G1 Refine#1" [stack: 0x000000a95db00000,0x000000a95dc00000] [id=12600]
  0x000001f26e4f0460 ConcurrentGCThread "G1 Refine#2" [stack: 0x000000a95dc00000,0x000000a95dd00000] [id=11000]
  0x000001f26e4eefd0 ConcurrentGCThread "G1 Refine#3" [stack: 0x000000a95dd00000,0x000000a95de00000] [id=492]
  0x000001f26e4ee700 ConcurrentGCThread "G1 Refine#4" [stack: 0x000000a95de00000,0x000000a95df00000] [id=23004]
  0x000001f26e4ee410 ConcurrentGCThread "G1 Refine#5" [stack: 0x000000a95df00000,0x000000a95e000000] [id=21772]
  0x000001f26e4ef5b0 ConcurrentGCThread "G1 Refine#6" [stack: 0x000000a95e000000,0x000000a95e100000] [id=6560]
  0x000001f2641f79f0 ConcurrentGCThread "G1 Service" [stack: 0x000000a95a500000,0x000000a95a600000] [id=18048]

Threads with active compile tasks:
C2 CompilerThread0     8409 6630       4       org.jetbrains.org.objectweb.asm.ClassReader::readMethod (1061 bytes)
C2 CompilerThread1     8409 6580   !   4       org.jetbrains.kotlin.metadata.ProtoBuf$Function::<init> (1410 bytes)
C2 CompilerThread2     8409 6629       4       java.util.regex.Pattern::split (288 bytes)

VM state: not at safepoint (normal execution)

VM Mutex/Monitor currently owned by a thread: None

Heap address: 0x0000000080000000, size: 2048 MB, Compressed Oops mode: 32-bit

CDS archive(s) not mapped
Compressed class space mapped at: 0x0000000100000000-0x0000000140000000, reserved size: 1073741824
Narrow klass base: 0x0000000000000000, Narrow klass shift: 3, Narrow klass range: 0x140000000

GC Precious Log:
 CPUs: 8 total, 8 available
 Memory: 16221M
 Large Page Support: Disabled
 NUMA Support: Disabled
 Compressed Oops: Enabled (32-bit)
 Heap Region Size: 1M
 Heap Min Capacity: 8M
 Heap Initial Capacity: 254M
 Heap Max Capacity: 2G
 Pre-touch: Disabled
 Parallel Workers: 8
 Concurrent Workers: 2
 Concurrent Refinement Workers: 8
 Periodic GC: Disabled

Heap:
 garbage-first heap   total 165888K, used 116567K [0x0000000080000000, 0x0000000100000000)
  region size 1024K, 31 young (31744K), 1 survivors (1024K)
 Metaspace       used 90836K, committed 91520K, reserved 1179648K
  class space    used 12041K, committed 12352K, reserved 1048576K

Heap Regions: E=young(eden), S=young(survivor), O=old, HS=humongous(starts), HC=humongous(continues), CS=collection set, F=free, OA=open archive, CA=closed archive, TAMS=top-at-mark-start (previous, next)
|   0|0x0000000080000000, 0x0000000080100000, 0x0000000080100000|100%|HS|  |TAMS 0x0000000080100000, 0x0000000080000000| Complete 
|   1|0x0000000080100000, 0x0000000080200000, 0x0000000080200000|100%|HC|  |TAMS 0x0000000080200000, 0x0000000080100000| Complete 
|   2|0x0000000080200000, 0x0000000080300000, 0x0000000080300000|100%|HC|  |TAMS 0x0000000080300000, 0x0000000080200000| Complete 
|   3|0x0000000080300000, 0x0000000080400000, 0x0000000080400000|100%|HC|  |TAMS 0x0000000080400000, 0x0000000080300000| Complete 
|   4|0x0000000080400000, 0x0000000080500000, 0x0000000080500000|100%| O|  |TAMS 0x0000000080500000, 0x0000000080400000| Untracked 
|   5|0x0000000080500000, 0x0000000080600000, 0x0000000080600000|100%| O|  |TAMS 0x0000000080600000, 0x0000000080500000| Untracked 
|   6|0x0000000080600000, 0x0000000080700000, 0x0000000080700000|100%| O|  |TAMS 0x0000000080700000, 0x0000000080600000| Untracked 
|   7|0x0000000080700000, 0x0000000080800000, 0x0000000080800000|100%| O|  |TAMS 0x0000000080800000, 0x0000000080700000| Untracked 
|   8|0x0000000080800000, 0x0000000080900000, 0x0000000080900000|100%| O|  |TAMS 0x0000000080900000, 0x0000000080800000| Untracked 
|   9|0x0000000080900000, 0x0000000080a00000, 0x0000000080a00000|100%| O|  |TAMS 0x0000000080a00000, 0x0000000080900000| Untracked 
|  10|0x0000000080a00000, 0x0000000080b00000, 0x0000000080b00000|100%| O|  |TAMS 0x0000000080b00000, 0x0000000080a00000| Untracked 
|  11|0x0000000080b00000, 0x0000000080b00000, 0x0000000080c00000|  0%| F|  |TAMS 0x0000000080b00000, 0x0000000080b00000| Untracked 
|  12|0x0000000080c00000, 0x0000000080d00000, 0x0000000080d00000|100%| O|  |TAMS 0x0000000080d00000, 0x0000000080c00000| Untracked 
|  13|0x0000000080d00000, 0x0000000080e00000, 0x0000000080e00000|100%| O|  |TAMS 0x0000000080e00000, 0x0000000080d00000| Untracked 
|  14|0x0000000080e00000, 0x0000000080f00000, 0x0000000080f00000|100%| O|  |TAMS 0x0000000080f00000, 0x0000000080e00000| Untracked 
|  15|0x0000000080f00000, 0x0000000081000000, 0x0000000081000000|100%| O|  |TAMS 0x0000000081000000, 0x0000000080f00000| Untracked 
|  16|0x0000000081000000, 0x0000000081100000, 0x0000000081100000|100%| O|  |TAMS 0x0000000081100000, 0x0000000081000000| Untracked 
|  17|0x0000000081100000, 0x0000000081200000, 0x0000000081200000|100%| O|  |TAMS 0x0000000081200000, 0x0000000081100000| Untracked 
|  18|0x0000000081200000, 0x0000000081300000, 0x0000000081300000|100%| O|  |TAMS 0x0000000081300000, 0x0000000081200000| Untracked 
|  19|0x0000000081300000, 0x0000000081400000, 0x0000000081400000|100%| O|  |TAMS 0x0000000081400000, 0x0000000081300000| Untracked 
|  20|0x0000000081400000, 0x0000000081500000, 0x0000000081500000|100%|HS|  |TAMS 0x0000000081500000, 0x0000000081400000| Complete 
|  21|0x0000000081500000, 0x0000000081600000, 0x0000000081600000|100%|HC|  |TAMS 0x0000000081600000, 0x0000000081500000| Complete 
|  22|0x0000000081600000, 0x0000000081700000, 0x0000000081700000|100%|HS|  |TAMS 0x0000000081700000, 0x0000000081600000| Complete 
|  23|0x0000000081700000, 0x0000000081800000, 0x0000000081800000|100%|HC|  |TAMS 0x0000000081800000, 0x0000000081700000| Complete 
|  24|0x0000000081800000, 0x0000000081900000, 0x0000000081900000|100%|HC|  |TAMS 0x0000000081900000, 0x0000000081800000| Complete 
|  25|0x0000000081900000, 0x0000000081a00000, 0x0000000081a00000|100%|HS|  |TAMS 0x0000000081a00000, 0x0000000081900000| Complete 
|  26|0x0000000081a00000, 0x0000000081b00000, 0x0000000081b00000|100%|HC|  |TAMS 0x0000000081b00000, 0x0000000081a00000| Complete 
|  27|0x0000000081b00000, 0x0000000081c00000, 0x0000000081c00000|100%|HC|  |TAMS 0x0000000081c00000, 0x0000000081b00000| Complete 
|  28|0x0000000081c00000, 0x0000000081d00000, 0x0000000081d00000|100%|HS|  |TAMS 0x0000000081d00000, 0x0000000081c00000| Complete 
|  29|0x0000000081d00000, 0x0000000081e00000, 0x0000000081e00000|100%|HC|  |TAMS 0x0000000081e00000, 0x0000000081d00000| Complete 
|  30|0x0000000081e00000, 0x0000000081f00000, 0x0000000081f00000|100%|HC|  |TAMS 0x0000000081f00000, 0x0000000081e00000| Complete 
|  31|0x0000000081f00000, 0x0000000082000000, 0x0000000082000000|100%| O|  |TAMS 0x0000000082000000, 0x0000000081f00000| Untracked 
|  32|0x0000000082000000, 0x0000000082100000, 0x0000000082100000|100%| O|  |TAMS 0x0000000082100000, 0x0000000082000000| Untracked 
|  33|0x0000000082100000, 0x0000000082200000, 0x0000000082200000|100%| O|  |TAMS 0x0000000082200000, 0x0000000082100000| Untracked 
|  34|0x0000000082200000, 0x0000000082300000, 0x0000000082300000|100%| O|  |TAMS 0x0000000082300000, 0x0000000082200000| Untracked 
|  35|0x0000000082300000, 0x0000000082400000, 0x0000000082400000|100%| O|  |TAMS 0x0000000082400000, 0x0000000082300000| Untracked 
|  36|0x0000000082400000, 0x0000000082500000, 0x0000000082500000|100%| O|  |TAMS 0x0000000082500000, 0x0000000082400000| Untracked 
|  37|0x0000000082500000, 0x0000000082600000, 0x0000000082600000|100%| O|  |TAMS 0x0000000082600000, 0x0000000082500000| Untracked 
|  38|0x0000000082600000, 0x0000000082700000, 0x0000000082700000|100%| O|  |TAMS 0x0000000082700000, 0x0000000082600000| Untracked 
|  39|0x0000000082700000, 0x0000000082800000, 0x0000000082800000|100%| O|  |TAMS 0x0000000082800000, 0x0000000082700000| Untracked 
|  40|0x0000000082800000, 0x0000000082900000, 0x0000000082900000|100%| O|  |TAMS 0x0000000082900000, 0x0000000082800000| Untracked 
|  41|0x0000000082900000, 0x0000000082a00000, 0x0000000082a00000|100%| O|  |TAMS 0x0000000082a00000, 0x0000000082900000| Untracked 
|  42|0x0000000082a00000, 0x0000000082b00000, 0x0000000082b00000|100%| O|  |TAMS 0x0000000082b00000, 0x0000000082a00000| Untracked 
|  43|0x0000000082b00000, 0x0000000082c00000, 0x0000000082c00000|100%| O|  |TAMS 0x0000000082c00000, 0x0000000082b00000| Untracked 
|  44|0x0000000082c00000, 0x0000000082d00000, 0x0000000082d00000|100%|HS|  |TAMS 0x0000000082d00000, 0x0000000082c00000| Complete 
|  45|0x0000000082d00000, 0x0000000082e00000, 0x0000000082e00000|100%|HC|  |TAMS 0x0000000082e00000, 0x0000000082d00000| Complete 
|  46|0x0000000082e00000, 0x0000000082f00000, 0x0000000082f00000|100%|HC|  |TAMS 0x0000000082f00000, 0x0000000082e00000| Complete 
|  47|0x0000000082f00000, 0x0000000083000000, 0x0000000083000000|100%| O|  |TAMS 0x0000000083000000, 0x0000000082f00000| Untracked 
|  48|0x0000000083000000, 0x0000000083100000, 0x0000000083100000|100%| O|  |TAMS 0x0000000083100000, 0x0000000083000000| Untracked 
|  49|0x0000000083100000, 0x0000000083200000, 0x0000000083200000|100%| O|  |TAMS 0x0000000083200000, 0x0000000083100000| Untracked 
|  50|0x0000000083200000, 0x0000000083300000, 0x0000000083300000|100%| O|  |TAMS 0x0000000083300000, 0x0000000083200000| Untracked 
|  51|0x0000000083300000, 0x0000000083400000, 0x0000000083400000|100%| O|  |TAMS 0x0000000083400000, 0x0000000083300000| Untracked 
|  52|0x0000000083400000, 0x0000000083500000, 0x0000000083500000|100%| O|  |TAMS 0x0000000083500000, 0x0000000083400000| Untracked 
|  53|0x0000000083500000, 0x0000000083600000, 0x0000000083600000|100%| O|  |TAMS 0x0000000083600000, 0x0000000083500000| Untracked 
|  54|0x0000000083600000, 0x0000000083700000, 0x0000000083700000|100%| O|  |TAMS 0x0000000083700000, 0x0000000083600000| Untracked 
|  55|0x0000000083700000, 0x0000000083800000, 0x0000000083800000|100%| O|  |TAMS 0x0000000083800000, 0x0000000083700000| Untracked 
|  56|0x0000000083800000, 0x0000000083900000, 0x0000000083900000|100%| O|  |TAMS 0x0000000083900000, 0x0000000083800000| Untracked 
|  57|0x0000000083900000, 0x0000000083a00000, 0x0000000083a00000|100%| O|  |TAMS 0x0000000083a00000, 0x0000000083900000| Untracked 
|  58|0x0000000083a00000, 0x0000000083b00000, 0x0000000083b00000|100%| O|  |TAMS 0x0000000083b00000, 0x0000000083a00000| Untracked 
|  59|0x0000000083b00000, 0x0000000083c00000, 0x0000000083c00000|100%| O|  |TAMS 0x0000000083c00000, 0x0000000083b00000| Untracked 
|  60|0x0000000083c00000, 0x0000000083d00000, 0x0000000083d00000|100%| O|  |TAMS 0x0000000083d00000, 0x0000000083c00000| Untracked 
|  61|0x0000000083d00000, 0x0000000083e00000, 0x0000000083e00000|100%|HS|  |TAMS 0x0000000083e00000, 0x0000000083d00000| Complete 
|  62|0x0000000083e00000, 0x0000000083f00000, 0x0000000083f00000|100%| O|  |TAMS 0x0000000083f00000, 0x0000000083e00000| Untracked 
|  63|0x0000000083f00000, 0x0000000084000000, 0x0000000084000000|100%| O|  |TAMS 0x0000000084000000, 0x0000000083f00000| Untracked 
|  64|0x0000000084000000, 0x0000000084100000, 0x0000000084100000|100%| O|  |TAMS 0x0000000084100000, 0x0000000084000000| Untracked 
|  65|0x0000000084100000, 0x0000000084200000, 0x0000000084200000|100%| O|  |TAMS 0x0000000084200000, 0x0000000084100000| Untracked 
|  66|0x0000000084200000, 0x0000000084300000, 0x0000000084300000|100%| O|  |TAMS 0x0000000084300000, 0x0000000084200000| Untracked 
|  67|0x0000000084300000, 0x0000000084400000, 0x0000000084400000|100%| O|  |TAMS 0x0000000084400000, 0x0000000084300000| Untracked 
|  68|0x0000000084400000, 0x0000000084500000, 0x0000000084500000|100%| O|  |TAMS 0x0000000084500000, 0x0000000084400000| Untracked 
|  69|0x0000000084500000, 0x0000000084600000, 0x0000000084600000|100%|HS|  |TAMS 0x0000000084600000, 0x0000000084500000| Complete 
|  70|0x0000000084600000, 0x0000000084700000, 0x0000000084700000|100%|HC|  |TAMS 0x0000000084700000, 0x0000000084600000| Complete 
|  71|0x0000000084700000, 0x0000000084800000, 0x0000000084800000|100%|HC|  |TAMS 0x0000000084800000, 0x0000000084700000| Complete 
|  72|0x0000000084800000, 0x0000000084900000, 0x0000000084900000|100%|HC|  |TAMS 0x0000000084900000, 0x0000000084800000| Complete 
|  73|0x0000000084900000, 0x0000000084a00000, 0x0000000084a00000|100%|HC|  |TAMS 0x0000000084a00000, 0x0000000084900000| Complete 
|  74|0x0000000084a00000, 0x0000000084b00000, 0x0000000084b00000|100%|HC|  |TAMS 0x0000000084b00000, 0x0000000084a00000| Complete 
|  75|0x0000000084b00000, 0x0000000084c00000, 0x0000000084c00000|100%| O|  |TAMS 0x0000000084c00000, 0x0000000084b00000| Untracked 
|  76|0x0000000084c00000, 0x0000000084d00000, 0x0000000084d00000|100%| O|  |TAMS 0x0000000084d00000, 0x0000000084c00000| Untracked 
|  77|0x0000000084d00000, 0x0000000084e00000, 0x0000000084e00000|100%| O|  |TAMS 0x0000000084e00000, 0x0000000084d00000| Untracked 
|  78|0x0000000084e00000, 0x0000000084f00000, 0x0000000084f00000|100%| O|  |TAMS 0x0000000084e2d800, 0x0000000084e00000| Untracked 
|  79|0x0000000084f00000, 0x0000000085000000, 0x0000000085000000|100%| O|  |TAMS 0x0000000084f00000, 0x0000000084f00000| Untracked 
|  80|0x0000000085000000, 0x0000000085100000, 0x0000000085100000|100%| O|  |TAMS 0x0000000085000000, 0x0000000085000000| Untracked 
|  81|0x0000000085100000, 0x0000000085200000, 0x0000000085200000|100%| O|  |TAMS 0x0000000085100000, 0x0000000085100000| Untracked 
|  82|0x0000000085200000, 0x0000000085300000, 0x0000000085300000|100%| O|  |TAMS 0x0000000085200000, 0x0000000085200000| Untracked 
|  83|0x0000000085300000, 0x0000000085400000, 0x0000000085400000|100%| O|  |TAMS 0x0000000085300000, 0x0000000085300000| Untracked 
|  84|0x0000000085400000, 0x0000000085500000, 0x0000000085500000|100%| O|  |TAMS 0x0000000085400000, 0x0000000085400000| Untracked 
|  85|0x0000000085500000, 0x0000000085537400, 0x0000000085600000| 21%| O|  |TAMS 0x0000000085500000, 0x0000000085500000| Untracked 
|  86|0x0000000085600000, 0x0000000085600000, 0x0000000085700000|  0%| F|  |TAMS 0x0000000085600000, 0x0000000085600000| Untracked 
|  87|0x0000000085700000, 0x0000000085700000, 0x0000000085800000|  0%| F|  |TAMS 0x0000000085700000, 0x0000000085700000| Untracked 
|  88|0x0000000085800000, 0x0000000085800000, 0x0000000085900000|  0%| F|  |TAMS 0x0000000085800000, 0x0000000085800000| Untracked 
|  89|0x0000000085900000, 0x0000000085900000, 0x0000000085a00000|  0%| F|  |TAMS 0x0000000085900000, 0x0000000085900000| Untracked 
|  90|0x0000000085a00000, 0x0000000085a00000, 0x0000000085b00000|  0%| F|  |TAMS 0x0000000085a00000, 0x0000000085a00000| Untracked 
|  91|0x0000000085b00000, 0x0000000085b00000, 0x0000000085c00000|  0%| F|  |TAMS 0x0000000085b00000, 0x0000000085b00000| Untracked 
|  92|0x0000000085c00000, 0x0000000085c00000, 0x0000000085d00000|  0%| F|  |TAMS 0x0000000085c00000, 0x0000000085c00000| Untracked 
|  93|0x0000000085d00000, 0x0000000085d00000, 0x0000000085e00000|  0%| F|  |TAMS 0x0000000085d00000, 0x0000000085d00000| Untracked 
|  94|0x0000000085e00000, 0x0000000085e00000, 0x0000000085f00000|  0%| F|  |TAMS 0x0000000085e00000, 0x0000000085e00000| Untracked 
|  95|0x0000000085f00000, 0x0000000085f00000, 0x0000000086000000|  0%| F|  |TAMS 0x0000000085f00000, 0x0000000085f00000| Untracked 
|  96|0x0000000086000000, 0x0000000086000000, 0x0000000086100000|  0%| F|  |TAMS 0x0000000086000000, 0x0000000086000000| Untracked 
|  97|0x0000000086100000, 0x0000000086100000, 0x0000000086200000|  0%| F|  |TAMS 0x0000000086100000, 0x0000000086100000| Untracked 
|  98|0x0000000086200000, 0x0000000086200000, 0x0000000086300000|  0%| F|  |TAMS 0x0000000086200000, 0x0000000086200000| Untracked 
|  99|0x0000000086300000, 0x0000000086300000, 0x0000000086400000|  0%| F|  |TAMS 0x0000000086300000, 0x0000000086300000| Untracked 
| 100|0x0000000086400000, 0x0000000086400000, 0x0000000086500000|  0%| F|  |TAMS 0x0000000086400000, 0x0000000086400000| Untracked 
| 101|0x0000000086500000, 0x0000000086500000, 0x0000000086600000|  0%| F|  |TAMS 0x0000000086500000, 0x0000000086500000| Untracked 
| 102|0x0000000086600000, 0x0000000086600000, 0x0000000086700000|  0%| F|  |TAMS 0x0000000086600000, 0x0000000086600000| Untracked 
| 103|0x0000000086700000, 0x0000000086700000, 0x0000000086800000|  0%| F|  |TAMS 0x0000000086700000, 0x0000000086700000| Untracked 
| 104|0x0000000086800000, 0x0000000086800000, 0x0000000086900000|  0%| F|  |TAMS 0x0000000086800000, 0x0000000086800000| Untracked 
| 105|0x0000000086900000, 0x0000000086900000, 0x0000000086a00000|  0%| F|  |TAMS 0x0000000086900000, 0x0000000086900000| Untracked 
| 106|0x0000000086a00000, 0x0000000086a00000, 0x0000000086b00000|  0%| F|  |TAMS 0x0000000086a00000, 0x0000000086a00000| Untracked 
| 107|0x0000000086b00000, 0x0000000086b00000, 0x0000000086c00000|  0%| F|  |TAMS 0x0000000086b00000, 0x0000000086b00000| Untracked 
| 108|0x0000000086c00000, 0x0000000086c00000, 0x0000000086d00000|  0%| F|  |TAMS 0x0000000086c00000, 0x0000000086c00000| Untracked 
| 109|0x0000000086d00000, 0x0000000086d00000, 0x0000000086e00000|  0%| F|  |TAMS 0x0000000086d00000, 0x0000000086d00000| Untracked 
| 110|0x0000000086e00000, 0x0000000086e00000, 0x0000000086f00000|  0%| F|  |TAMS 0x0000000086e00000, 0x0000000086e00000| Untracked 
| 111|0x0000000086f00000, 0x0000000086f00000, 0x0000000087000000|  0%| F|  |TAMS 0x0000000086f00000, 0x0000000086f00000| Untracked 
| 112|0x0000000087000000, 0x0000000087000000, 0x0000000087100000|  0%| F|  |TAMS 0x0000000087000000, 0x0000000087000000| Untracked 
| 113|0x0000000087100000, 0x0000000087100000, 0x0000000087200000|  0%| F|  |TAMS 0x0000000087100000, 0x0000000087100000| Untracked 
| 114|0x0000000087200000, 0x0000000087200000, 0x0000000087300000|  0%| F|  |TAMS 0x0000000087200000, 0x0000000087200000| Untracked 
| 115|0x0000000087300000, 0x0000000087300000, 0x0000000087400000|  0%| F|  |TAMS 0x0000000087300000, 0x0000000087300000| Untracked 
| 116|0x0000000087400000, 0x0000000087400000, 0x0000000087500000|  0%| F|  |TAMS 0x0000000087400000, 0x0000000087400000| Untracked 
| 117|0x0000000087500000, 0x0000000087500000, 0x0000000087600000|  0%| F|  |TAMS 0x0000000087500000, 0x0000000087500000| Untracked 
| 118|0x0000000087600000, 0x0000000087600000, 0x0000000087700000|  0%| F|  |TAMS 0x0000000087600000, 0x0000000087600000| Untracked 
| 119|0x0000000087700000, 0x0000000087700000, 0x0000000087800000|  0%| F|  |TAMS 0x0000000087700000, 0x0000000087700000| Untracked 
| 120|0x0000000087800000, 0x0000000087800000, 0x0000000087900000|  0%| F|  |TAMS 0x0000000087800000, 0x0000000087800000| Untracked 
| 121|0x0000000087900000, 0x0000000087900000, 0x0000000087a00000|  0%| F|  |TAMS 0x0000000087900000, 0x0000000087900000| Untracked 
| 122|0x0000000087a00000, 0x0000000087a00000, 0x0000000087b00000|  0%| F|  |TAMS 0x0000000087a00000, 0x0000000087a00000| Untracked 
| 123|0x0000000087b00000, 0x0000000087b00000, 0x0000000087c00000|  0%| F|  |TAMS 0x0000000087b00000, 0x0000000087b00000| Untracked 
| 124|0x0000000087c00000, 0x0000000087c00000, 0x0000000087d00000|  0%| F|  |TAMS 0x0000000087c00000, 0x0000000087c00000| Untracked 
| 125|0x0000000087d00000, 0x0000000087d00000, 0x0000000087e00000|  0%| F|  |TAMS 0x0000000087d00000, 0x0000000087d00000| Untracked 
| 126|0x0000000087e00000, 0x0000000087e00000, 0x0000000087f00000|  0%| F|  |TAMS 0x0000000087e00000, 0x0000000087e00000| Untracked 
| 127|0x0000000087f00000, 0x0000000087f00000, 0x0000000088000000|  0%| F|  |TAMS 0x0000000087f00000, 0x0000000087f00000| Untracked 
| 128|0x0000000088000000, 0x0000000088000000, 0x0000000088100000|  0%| F|  |TAMS 0x0000000088000000, 0x0000000088000000| Untracked 
| 129|0x0000000088100000, 0x0000000088100000, 0x0000000088200000|  0%| F|  |TAMS 0x0000000088100000, 0x0000000088100000| Untracked 
| 130|0x0000000088200000, 0x0000000088200000, 0x0000000088300000|  0%| F|  |TAMS 0x0000000088200000, 0x0000000088200000| Untracked 
| 131|0x0000000088300000, 0x0000000088380800, 0x0000000088400000| 50%| E|  |TAMS 0x0000000088300000, 0x0000000088300000| Complete 
| 132|0x0000000088400000, 0x0000000088500000, 0x0000000088500000|100%| E|CS|TAMS 0x0000000088400000, 0x0000000088400000| Complete 
| 133|0x0000000088500000, 0x0000000088600000, 0x0000000088600000|100%| E|CS|TAMS 0x0000000088500000, 0x0000000088500000| Complete 
| 134|0x0000000088600000, 0x0000000088700000, 0x0000000088700000|100%| E|CS|TAMS 0x0000000088600000, 0x0000000088600000| Complete 
| 135|0x0000000088700000, 0x0000000088800000, 0x0000000088800000|100%| E|CS|TAMS 0x0000000088700000, 0x0000000088700000| Complete 
| 136|0x0000000088800000, 0x0000000088900000, 0x0000000088900000|100%| E|CS|TAMS 0x0000000088800000, 0x0000000088800000| Complete 
| 137|0x0000000088900000, 0x0000000088a00000, 0x0000000088a00000|100%| E|CS|TAMS 0x0000000088900000, 0x0000000088900000| Complete 
| 138|0x0000000088a00000, 0x0000000088b00000, 0x0000000088b00000|100%| E|CS|TAMS 0x0000000088a00000, 0x0000000088a00000| Complete 
| 139|0x0000000088b00000, 0x0000000088c00000, 0x0000000088c00000|100%| E|CS|TAMS 0x0000000088b00000, 0x0000000088b00000| Complete 
| 140|0x0000000088c00000, 0x0000000088d00000, 0x0000000088d00000|100%| E|CS|TAMS 0x0000000088c00000, 0x0000000088c00000| Complete 
| 141|0x0000000088d00000, 0x0000000088e00000, 0x0000000088e00000|100%| E|CS|TAMS 0x0000000088d00000, 0x0000000088d00000| Complete 
| 142|0x0000000088e00000, 0x0000000088f00000, 0x0000000088f00000|100%| E|CS|TAMS 0x0000000088e00000, 0x0000000088e00000| Complete 
| 143|0x0000000088f00000, 0x0000000089000000, 0x0000000089000000|100%| E|CS|TAMS 0x0000000088f00000, 0x0000000088f00000| Complete 
| 144|0x0000000089000000, 0x0000000089100000, 0x0000000089100000|100%| E|CS|TAMS 0x0000000089000000, 0x0000000089000000| Complete 
| 145|0x0000000089100000, 0x0000000089200000, 0x0000000089200000|100%| E|CS|TAMS 0x0000000089100000, 0x0000000089100000| Complete 
| 146|0x0000000089200000, 0x0000000089300000, 0x0000000089300000|100%| E|CS|TAMS 0x0000000089200000, 0x0000000089200000| Complete 
| 147|0x0000000089300000, 0x0000000089400000, 0x0000000089400000|100%| E|CS|TAMS 0x0000000089300000, 0x0000000089300000| Complete 
| 148|0x0000000089400000, 0x0000000089500000, 0x0000000089500000|100%| E|CS|TAMS 0x0000000089400000, 0x0000000089400000| Complete 
| 149|0x0000000089500000, 0x0000000089600000, 0x0000000089600000|100%| E|CS|TAMS 0x0000000089500000, 0x0000000089500000| Complete 
| 150|0x0000000089600000, 0x0000000089700000, 0x0000000089700000|100%| E|CS|TAMS 0x0000000089600000, 0x0000000089600000| Complete 
| 151|0x0000000089700000, 0x0000000089800000, 0x0000000089800000|100%| E|CS|TAMS 0x0000000089700000, 0x0000000089700000| Complete 
| 199|0x000000008c700000, 0x000000008c800000, 0x000000008c800000|100%| E|CS|TAMS 0x000000008c700000, 0x000000008c700000| Complete 
| 200|0x000000008c800000, 0x000000008c900000, 0x000000008c900000|100%| E|CS|TAMS 0x000000008c800000, 0x000000008c800000| Complete 
| 201|0x000000008c900000, 0x000000008ca00000, 0x000000008ca00000|100%| E|CS|TAMS 0x000000008c900000, 0x000000008c900000| Complete 
| 202|0x000000008ca00000, 0x000000008cb00000, 0x000000008cb00000|100%| E|CS|TAMS 0x000000008ca00000, 0x000000008ca00000| Complete 
| 203|0x000000008cb00000, 0x000000008cc00000, 0x000000008cc00000|100%| E|CS|TAMS 0x000000008cb00000, 0x000000008cb00000| Complete 
| 204|0x000000008cc00000, 0x000000008cc9e928, 0x000000008cd00000| 61%| S|CS|TAMS 0x000000008cc00000, 0x000000008cc00000| Complete 
| 205|0x000000008cd00000, 0x000000008ce00000, 0x000000008ce00000|100%| E|CS|TAMS 0x000000008cd00000, 0x000000008cd00000| Complete 
| 206|0x000000008ce00000, 0x000000008cf00000, 0x000000008cf00000|100%| E|CS|TAMS 0x000000008ce00000, 0x000000008ce00000| Complete 
| 207|0x000000008cf00000, 0x000000008d000000, 0x000000008d000000|100%| E|CS|TAMS 0x000000008cf00000, 0x000000008cf00000| Complete 
| 253|0x000000008fd00000, 0x000000008fe00000, 0x000000008fe00000|100%| E|CS|TAMS 0x000000008fd00000, 0x000000008fd00000| Complete 

Card table byte_map: [0x000001f25d0e0000,0x000001f25d4e0000] _byte_map_base: 0x000001f25cce0000

Marking Bits (Prev, Next): (CMBitMap*) 0x000001f24a52ce30, (CMBitMap*) 0x000001f24a52ce70
 Prev Bits: [0x000001f25d8e0000, 0x000001f25f8e0000)
 Next Bits: [0x000001f25f8e0000, 0x000001f2618e0000)

Polling page: 0x000001f2482c0000

Metaspace:

Usage:
  Non-class:     76.99 MB used.
      Class:     11.76 MB used.
       Both:     88.75 MB used.

Virtual space:
  Non-class space:      128.00 MB reserved,      77.38 MB ( 60%) committed,  2 nodes.
      Class space:        1.00 GB reserved,      12.06 MB (  1%) committed,  1 nodes.
             Both:        1.12 GB reserved,      89.44 MB (  8%) committed. 

Chunk freelists:
   Non-Class:  2.23 MB
       Class:  3.97 MB
        Both:  6.20 MB

MaxMetaspaceSize: unlimited
CompressedClassSpaceSize: 1.00 GB
Initial GC threshold: 21.00 MB
Current GC threshold: 144.38 MB
CDS: off
MetaspaceReclaimPolicy: balanced
 - commit_granule_bytes: 65536.
 - commit_granule_words: 8192.
 - virtual_space_node_default_size: 8388608.
 - enlarge_chunks_in_place: 1.
 - new_chunks_are_fully_committed: 0.
 - uncommit_free_chunks: 1.
 - use_allocation_guard: 0.
 - handle_deallocations: 1.


Internal statistics:

num_allocs_failed_limit: 6.
num_arena_births: 694.
num_arena_deaths: 0.
num_vsnodes_births: 3.
num_vsnodes_deaths: 0.
num_space_committed: 1429.
num_space_uncommitted: 0.
num_chunks_returned_to_freelist: 6.
num_chunks_taken_from_freelist: 3657.
num_chunk_merges: 6.
num_chunk_splits: 2742.
num_chunks_enlarged: 2195.
num_inconsistent_stats: 0.

CodeHeap 'non-profiled nmethods': size=120000Kb used=3518Kb max_used=3518Kb free=116481Kb
 bounds [0x000001f255470000, 0x000001f2557f0000, 0x000001f25c9a0000]
CodeHeap 'profiled nmethods': size=120000Kb used=12137Kb max_used=12137Kb free=107862Kb
 bounds [0x000001f24d9a0000, 0x000001f24e580000, 0x000001f254ed0000]
CodeHeap 'non-nmethods': size=5760Kb used=2437Kb max_used=2465Kb free=3322Kb
 bounds [0x000001f254ed0000, 0x000001f255150000, 0x000001f255470000]
 total_blobs=6888 nmethods=5951 adapters=846
 compilation: enabled
              stopped_count=0, restarted_count=0
 full_count=0

Compilation events (20 events):
Event: 8.385 Thread 0x000001f264535c80 nmethod 6728 0x000001f24e569f90 code [0x000001f24e56a380, 0x000001f24e56bce8]
Event: 8.385 Thread 0x000001f264535c80 6729       3       org.jetbrains.kotlin.load.java.lazy.descriptors.JvmPackageScope::getContributedClassifier (142 bytes)
Event: 8.387 Thread 0x000001f264535c80 nmethod 6729 0x000001f24e56c590 code [0x000001f24e56cbe0, 0x000001f24e56fce8]
Event: 8.387 Thread 0x000001f264535c80 6727       3       org.jetbrains.kotlin.load.java.lazy.descriptors.JvmPackageScope::recordLookup (35 bytes)
Event: 8.388 Thread 0x000001f264535c80 nmethod 6727 0x000001f24e570d90 code [0x000001f24e571020, 0x000001f24e571ae8]
Event: 8.388 Thread 0x000001f264535c80 6730       3       org.jetbrains.kotlin.util.collectionUtils.ScopeUtilsKt::concat (61 bytes)
Event: 8.388 Thread 0x000001f264535c80 nmethod 6730 0x000001f24e571f10 code [0x000001f24e5721e0, 0x000001f24e573018]
Event: 8.388 Thread 0x000001f264535c80 6731       3       org.jetbrains.kotlin.serialization.deserialization.descriptors.DeserializedMemberScope$OptimizedImplementation::getVariableNames (17 bytes)
Event: 8.389 Thread 0x000001f264535c80 nmethod 6731 0x000001f24e573410 code [0x000001f24e5736c0, 0x000001f24e574328]
Event: 8.389 Thread 0x000001f264535c80 6732       3       org.jetbrains.kotlin.serialization.deserialization.descriptors.DeserializedMemberScope$OptimizedImplementation::getContributedVariables (48 bytes)
Event: 8.390 Thread 0x000001f264535c80 nmethod 6732 0x000001f24e574790 code [0x000001f24e574b80, 0x000001f24e5764e8]
Event: 8.390 Thread 0x000001f264535c80 6733       3       org.jetbrains.kotlin.serialization.deserialization.descriptors.DeserializedMemberScope::getContributedVariables (24 bytes)
Event: 8.390 Thread 0x000001f264535c80 nmethod 6733 0x000001f24e576d90 code [0x000001f24e577020, 0x000001f24e577ac8]
Event: 8.390 Thread 0x000001f264535c80 6734       3       org.jetbrains.kotlin.name.SpecialNames::isSafeIdentifier (48 bytes)
Event: 8.391 Thread 0x000001f264535c80 nmethod 6734 0x000001f24e577f10 code [0x000001f24e578160, 0x000001f24e578a38]
Event: 8.391 Thread 0x000001f264535c80 6735       3       org.jetbrains.kotlin.load.java.lazy.descriptors.LazyJavaPackageScope::findClassifier (70 bytes)
Event: 8.392 Thread 0x000001f264535c80 nmethod 6735 0x000001f24e578d90 code [0x000001f24e579040, 0x000001f24e579f08]
Event: 8.392 Thread 0x000001f264535c80 6736       1       org.jetbrains.kotlin.load.java.lazy.descriptors.LazyJavaClassMemberScope::getOwnerDescriptor (5 bytes)
Event: 8.392 Thread 0x000001f264535c80 nmethod 6736 0x000001f2557df710 code [0x000001f2557df8a0, 0x000001f2557df978]
Event: 8.392 Thread 0x000001f264535c80 6737       3       kotlin.jvm.internal.Ref$ObjectRef::<init> (5 bytes)

GC Heap History (20 events):
Event: 6.077 GC heap before
{Heap before GC invocations=28 (full 0):
 garbage-first heap   total 110592K, used 58975K [0x0000000080000000, 0x0000000100000000)
  region size 1024K, 5 young (5120K), 3 survivors (3072K)
 Metaspace       used 69264K, committed 69888K, reserved 1114112K
  class space    used 9619K, committed 9920K, reserved 1048576K
}
Event: 6.080 GC heap after
{Heap after GC invocations=29 (full 0):
 garbage-first heap   total 110592K, used 57961K [0x0000000080000000, 0x0000000100000000)
  region size 1024K, 3 young (3072K), 3 survivors (3072K)
 Metaspace       used 69264K, committed 69888K, reserved 1114112K
  class space    used 9619K, committed 9920K, reserved 1048576K
}
Event: 6.234 GC heap before
{Heap before GC invocations=30 (full 0):
 garbage-first heap   total 114688K, used 98921K [0x0000000080000000, 0x0000000100000000)
  region size 1024K, 36 young (36864K), 3 survivors (3072K)
 Metaspace       used 69591K, committed 70272K, reserved 1114112K
  class space    used 9627K, committed 9920K, reserved 1048576K
}
Event: 6.242 GC heap after
{Heap after GC invocations=31 (full 0):
 garbage-first heap   total 114688K, used 67472K [0x0000000080000000, 0x0000000100000000)
  region size 1024K, 5 young (5120K), 5 survivors (5120K)
 Metaspace       used 69591K, committed 70272K, reserved 1114112K
  class space    used 9627K, committed 9920K, reserved 1048576K
}
Event: 6.461 GC heap before
{Heap before GC invocations=31 (full 0):
 garbage-first heap   total 114688K, used 90000K [0x0000000080000000, 0x0000000100000000)
  region size 1024K, 28 young (28672K), 5 survivors (5120K)
 Metaspace       used 72165K, committed 72832K, reserved 1114112K
  class space    used 9958K, committed 10240K, reserved 1048576K
}
Event: 6.470 GC heap after
{Heap after GC invocations=32 (full 0):
 garbage-first heap   total 138240K, used 69338K [0x0000000080000000, 0x0000000100000000)
  region size 1024K, 2 young (2048K), 2 survivors (2048K)
 Metaspace       used 72165K, committed 72832K, reserved 1114112K
  class space    used 9958K, committed 10240K, reserved 1048576K
}
Event: 6.646 GC heap before
{Heap before GC invocations=33 (full 0):
 garbage-first heap   total 138240K, used 80602K [0x0000000080000000, 0x0000000100000000)
  region size 1024K, 14 young (14336K), 2 survivors (2048K)
 Metaspace       used 73698K, committed 74368K, reserved 1114112K
  class space    used 10130K, committed 10432K, reserved 1048576K
}
Event: 6.647 GC heap after
{Heap after GC invocations=34 (full 0):
 garbage-first heap   total 138240K, used 69699K [0x0000000080000000, 0x0000000100000000)
  region size 1024K, 2 young (2048K), 2 survivors (2048K)
 Metaspace       used 73698K, committed 74368K, reserved 1114112K
  class space    used 10130K, committed 10432K, reserved 1048576K
}
Event: 7.060 GC heap before
{Heap before GC invocations=35 (full 0):
 garbage-first heap   total 138240K, used 115779K [0x0000000080000000, 0x0000000100000000)
  region size 1024K, 40 young (40960K), 2 survivors (2048K)
 Metaspace       used 77925K, committed 78592K, reserved 1179648K
  class space    used 10546K, committed 10880K, reserved 1048576K
}
Event: 7.062 GC heap after
{Heap after GC invocations=36 (full 0):
 garbage-first heap   total 138240K, used 79565K [0x0000000080000000, 0x0000000100000000)
  region size 1024K, 5 young (5120K), 5 survivors (5120K)
 Metaspace       used 77925K, committed 78592K, reserved 1179648K
  class space    used 10546K, committed 10880K, reserved 1048576K
}
Event: 7.393 GC heap before
{Heap before GC invocations=36 (full 0):
 garbage-first heap   total 138240K, used 112333K [0x0000000080000000, 0x0000000100000000)
  region size 1024K, 37 young (37888K), 5 survivors (5120K)
 Metaspace       used 82027K, committed 82688K, reserved 1179648K
  class space    used 10964K, committed 11264K, reserved 1048576K
}
Event: 7.396 GC heap after
{Heap after GC invocations=37 (full 0):
 garbage-first heap   total 138240K, used 80880K [0x0000000080000000, 0x0000000100000000)
  region size 1024K, 2 young (2048K), 2 survivors (2048K)
 Metaspace       used 82027K, committed 82688K, reserved 1179648K
  class space    used 10964K, committed 11264K, reserved 1048576K
}
Event: 7.723 GC heap before
{Heap before GC invocations=38 (full 0):
 garbage-first heap   total 145408K, used 113648K [0x0000000080000000, 0x0000000100000000)
  region size 1024K, 34 young (34816K), 2 survivors (2048K)
 Metaspace       used 86029K, committed 86656K, reserved 1179648K
  class space    used 11499K, committed 11776K, reserved 1048576K
}
Event: 7.727 GC heap after
{Heap after GC invocations=39 (full 0):
 garbage-first heap   total 145408K, used 83223K [0x0000000080000000, 0x0000000100000000)
  region size 1024K, 4 young (4096K), 4 survivors (4096K)
 Metaspace       used 86029K, committed 86656K, reserved 1179648K
  class space    used 11499K, committed 11776K, reserved 1048576K
}
Event: 7.882 GC heap before
{Heap before GC invocations=39 (full 0):
 garbage-first heap   total 145408K, used 98583K [0x0000000080000000, 0x0000000100000000)
  region size 1024K, 20 young (20480K), 4 survivors (4096K)
 Metaspace       used 88036K, committed 88640K, reserved 1179648K
  class space    used 11737K, committed 12032K, reserved 1048576K
}
Event: 7.885 GC heap after
{Heap after GC invocations=40 (full 0):
 garbage-first heap   total 145408K, used 84436K [0x0000000080000000, 0x0000000100000000)
  region size 1024K, 4 young (4096K), 4 survivors (4096K)
 Metaspace       used 88036K, committed 88640K, reserved 1179648K
  class space    used 11737K, committed 12032K, reserved 1048576K
}
Event: 8.145 GC heap before
{Heap before GC invocations=41 (full 0):
 garbage-first heap   total 165888K, used 121300K [0x0000000080000000, 0x0000000100000000)
  region size 1024K, 39 young (39936K), 4 survivors (4096K)
 Metaspace       used 89027K, committed 89728K, reserved 1179648K
  class space    used 11850K, committed 12160K, reserved 1048576K
}
Event: 8.148 GC heap after
{Heap after GC invocations=42 (full 0):
 garbage-first heap   total 165888K, used 86545K [0x0000000080000000, 0x0000000100000000)
  region size 1024K, 4 young (4096K), 4 survivors (4096K)
 Metaspace       used 89027K, committed 89728K, reserved 1179648K
  class space    used 11850K, committed 12160K, reserved 1048576K
}
Event: 8.202 GC heap before
{Heap before GC invocations=42 (full 0):
 garbage-first heap   total 165888K, used 89617K [0x0000000080000000, 0x0000000100000000)
  region size 1024K, 8 young (8192K), 4 survivors (4096K)
 Metaspace       used 89513K, committed 90240K, reserved 1179648K
  class space    used 11907K, committed 12224K, reserved 1048576K
}
Event: 8.206 GC heap after
{Heap after GC invocations=43 (full 0):
 garbage-first heap   total 165888K, used 86871K [0x0000000080000000, 0x0000000100000000)
  region size 1024K, 1 young (1024K), 1 survivors (1024K)
 Metaspace       used 89513K, committed 90240K, reserved 1179648K
  class space    used 11907K, committed 12224K, reserved 1048576K
}

Dll operation events (3 events):
Event: 0.012 Loaded shared library C:\Program Files\Android\Android Studio\jbr\bin\java.dll
Event: 0.183 Loaded shared library C:\Program Files\Android\Android Studio\jbr\bin\zip.dll
Event: 0.543 Loaded shared library C:\Program Files\Android\Android Studio\jbr\bin\verify.dll

Deoptimization events (20 events):
Event: 8.084 Thread 0x000001f26a3a9d40 DEOPT PACKING pc=0x000001f2554caa50 sp=0x000000a95c0f3bd0
Event: 8.084 Thread 0x000001f26a3a9d40 DEOPT UNPACKING pc=0x000001f254f269a3 sp=0x000000a95c0f3b30 mode 2
Event: 8.087 Thread 0x000001f26a3a9d40 Uncommon trap: trap_request=0xffffffdc fr.pc=0x000001f255798df0 relative=0x0000000000000250
Event: 8.087 Thread 0x000001f26a3a9d40 Uncommon trap: reason=class_check action=make_not_entrant pc=0x000001f255798df0 method=java.util.ArrayList.toArray([Ljava/lang/Object;)[Ljava/lang/Object; @ 21 c2
Event: 8.087 Thread 0x000001f26a3a9d40 DEOPT PACKING pc=0x000001f255798df0 sp=0x000000a95c0f3940
Event: 8.087 Thread 0x000001f26a3a9d40 DEOPT UNPACKING pc=0x000001f254f269a3 sp=0x000000a95c0f3910 mode 2
Event: 8.100 Thread 0x000001f26a3a9d40 Uncommon trap: trap_request=0xffffffc6 fr.pc=0x000001f255683520 relative=0x0000000000000080
Event: 8.100 Thread 0x000001f26a3a9d40 Uncommon trap: reason=bimorphic_or_optimized_type_check action=maybe_recompile pc=0x000001f255683520 method=java.util.Collections$UnmodifiableCollection.size()I @ 4 c2
Event: 8.100 Thread 0x000001f26a3a9d40 DEOPT PACKING pc=0x000001f255683520 sp=0x000000a95c0f2e60
Event: 8.100 Thread 0x000001f26a3a9d40 DEOPT UNPACKING pc=0x000001f254f269a3 sp=0x000000a95c0f2de8 mode 2
Event: 8.100 Thread 0x000001f26a3a9d40 Uncommon trap: trap_request=0xffffffc6 fr.pc=0x000001f255683520 relative=0x0000000000000080
Event: 8.100 Thread 0x000001f26a3a9d40 Uncommon trap: reason=bimorphic_or_optimized_type_check action=maybe_recompile pc=0x000001f255683520 method=java.util.Collections$UnmodifiableCollection.size()I @ 4 c2
Event: 8.100 Thread 0x000001f26a3a9d40 DEOPT PACKING pc=0x000001f255683520 sp=0x000000a95c0f3240
Event: 8.100 Thread 0x000001f26a3a9d40 DEOPT UNPACKING pc=0x000001f254f269a3 sp=0x000000a95c0f31d0 mode 2
Event: 8.105 Thread 0x000001f26a3a9d40 DEOPT PACKING pc=0x000001f24e06c220 sp=0x000000a95c0f16e0
Event: 8.105 Thread 0x000001f26a3a9d40 DEOPT UNPACKING pc=0x000001f254f27143 sp=0x000000a95c0f0bf0 mode 0
Event: 8.314 Thread 0x000001f26a3a9d40 DEOPT PACKING pc=0x000001f24e3fb121 sp=0x000000a95c0f3460
Event: 8.314 Thread 0x000001f26a3a9d40 DEOPT UNPACKING pc=0x000001f254f27143 sp=0x000000a95c0f2968 mode 0
Event: 8.319 Thread 0x000001f26a3a9d40 DEOPT PACKING pc=0x000001f24e3fb121 sp=0x000000a95c0f3460
Event: 8.319 Thread 0x000001f26a3a9d40 DEOPT UNPACKING pc=0x000001f254f27143 sp=0x000000a95c0f2968 mode 0

Classes unloaded (0 events):
No events

Classes redefined (0 events):
No events

Internal exceptions (20 events):
Event: 5.613 Thread 0x000001f26a3a9d40 Exception <a 'sun/nio/fs/WindowsException'{0x000000008cac2698}> (0x000000008cac2698) 
thrown [s\src\hotspot\share\prims\jni.cpp, line 517]
Event: 5.613 Thread 0x000001f26a3a9d40 Exception <a 'sun/nio/fs/WindowsException'{0x000000008cac4450}> (0x000000008cac4450) 
thrown [s\src\hotspot\share\prims\jni.cpp, line 517]
Event: 5.659 Thread 0x000001f26a3a9d40 Exception <a 'java/lang/NoSuchMethodError'{0x0000000085efb2e0}: 'long java.lang.invoke.DirectMethodHandle$Holder.invokeStatic(java.lang.Object)'> (0x0000000085efb2e0) 
thrown [s\src\hotspot\share\interpreter\linkResolver.cpp, line 771]
Event: 5.659 Thread 0x000001f26a3a9d40 Exception <a 'java/lang/NoSuchMethodError'{0x0000000085d00108}: 'long java.lang.invoke.DirectMethodHandle$Holder.invokeStaticInit(java.lang.Object)'> (0x0000000085d00108) 
thrown [s\src\hotspot\share\interpreter\linkResolver.cpp, line 771]
Event: 5.691 Thread 0x000001f26a3a9d40 Exception <a 'java/lang/NoSuchMethodError'{0x000000008584c640}: 'long java.lang.invoke.Invokers$Holder.invoke_MT(java.lang.Object, java.lang.Object, java.lang.Object, java.lang.Object)'> (0x000000008584c640) 
thrown [s\src\hotspot\share\interpreter\linkResolver.cpp, line 771]
Event: 5.692 Thread 0x000001f26a3a9d40 Exception <a 'java/lang/NoSuchMethodError'{0x00000000858559e8}: 'int java.lang.invoke.Invokers$Holder.invoke_MT(java.lang.Object, java.lang.Object, java.lang.Object, java.lang.Object)'> (0x00000000858559e8) 
thrown [s\src\hotspot\share\interpreter\linkResolver.cpp, line 771]
Event: 5.693 Thread 0x000001f26a3a9d40 Exception <a 'java/lang/NoSuchMethodError'{0x00000000858669f8}: 'void java.lang.invoke.DelegatingMethodHandle$Holder.reinvoke_L(java.lang.Object, java.lang.Object, java.lang.Object, long, java.lang.Object)'> (0x00000000858669f8) 
thrown [s\src\hotspot\share\interpreter\linkResolver.cpp, line 771]
Event: 5.694 Thread 0x000001f26a3a9d40 Exception <a 'java/lang/NoSuchMethodError'{0x000000008586f328}: 'java.lang.Object java.lang.invoke.DirectMethodHandle$Holder.invokeSpecial(java.lang.Object, java.lang.Object, java.lang.Object, java.lang.Object, long)'> (0x000000008586f328) 
thrown [s\src\hotspot\share\interpreter\linkResolver.cpp, line 771]
Event: 5.695 Thread 0x000001f26a3a9d40 Exception <a 'java/lang/NoSuchMethodError'{0x000000008587fda0}: 'int java.lang.invoke.DelegatingMethodHandle$Holder.reinvoke_L(java.lang.Object, java.lang.Object, java.lang.Object, long, java.lang.Object, java.lang.Object)'> (0x000000008587fda0) 
thrown [s\src\hotspot\share\interpreter\linkResolver.cpp, line 771]
Event: 5.695 Thread 0x000001f26a3a9d40 Exception <a 'java/lang/NoSuchMethodError'{0x0000000085890228}: 'int java.lang.invoke.DelegatingMethodHandle$Holder.reinvoke_L(java.lang.Object, java.lang.Object, java.lang.Object, long, int, int)'> (0x0000000085890228) 
thrown [s\src\hotspot\share\interpreter\linkResolver.cpp, line 771]
Event: 5.696 Thread 0x000001f26a3a9d40 Exception <a 'java/lang/NoSuchMethodError'{0x00000000858a00a0}: 'int java.lang.invoke.DelegatingMethodHandle$Holder.reinvoke_L(java.lang.Object, java.lang.Object, java.lang.Object, long, long, long)'> (0x00000000858a00a0) 
thrown [s\src\hotspot\share\interpreter\linkResolver.cpp, line 771]
Event: 5.697 Thread 0x000001f26a3a9d40 Exception <a 'java/lang/NoSuchMethodError'{0x00000000858afbf8}: 'int java.lang.invoke.DelegatingMethodHandle$Holder.reinvoke_L(java.lang.Object, java.lang.Object, java.lang.Object, long, int)'> (0x00000000858afbf8) 
thrown [s\src\hotspot\share\interpreter\linkResolver.cpp, line 771]
Event: 5.920 Thread 0x000001f26a3a9d40 Exception <a 'java/lang/NoSuchMethodError'{0x0000000085c8ce40}: 'void java.lang.invoke.DirectMethodHandle$Holder.invokeVirtual(java.lang.Object, java.lang.Object)'> (0x0000000085c8ce40) 
thrown [s\src\hotspot\share\interpreter\linkResolver.cpp, line 771]
Event: 6.033 Thread 0x000001f26a3a9d40 Exception <a 'java/lang/NoSuchMethodError'{0x0000000084ec3398}: 'java.lang.Object java.lang.invoke.Invokers$Holder.invokeExact_MT(java.lang.Object, java.lang.Object, long, java.lang.Object)'> (0x0000000084ec3398) 
thrown [s\src\hotspot\share\interpreter\linkResolver.cpp, line 771]
Event: 6.062 Thread 0x000001f26a3a9d40 Exception <a 'java/lang/NoSuchMethodError'{0x000000008fd37430}: 'java.lang.Object java.lang.invoke.Invokers$Holder.invoke_MT(java.lang.Object, java.lang.Object, java.lang.Object)'> (0x000000008fd37430) 
thrown [s\src\hotspot\share\interpreter\linkResolver.cpp, line 771]
Event: 6.217 Thread 0x000001f26a3a9d40 Implicit null exception at 0x000001f2554cbb66 to 0x000001f2554cd4c4
Event: 7.751 Thread 0x000001f26a3a9d40 Exception <a 'java/lang/NoSuchMethodError'{0x000000008ce8eac0}: 'java.lang.Object java.lang.invoke.DirectMethodHandle$Holder.invokeStatic(java.lang.Object, java.lang.Object, java.lang.Object, java.lang.Object, int)'> (0x000000008ce8eac0) 
thrown [s\src\hotspot\share\interpreter\linkResolver.cpp, line 771]
Event: 7.751 Thread 0x000001f26a3a9d40 Exception <a 'java/lang/NoSuchMethodError'{0x000000008ce99950}: 'java.lang.Object java.lang.invoke.DirectMethodHandle$Holder.newInvokeSpecial(java.lang.Object, java.lang.Object, java.lang.Object, java.lang.Object, int)'> (0x000000008ce99950) 
thrown [s\src\hotspot\share\interpreter\linkResolver.cpp, line 771]
Event: 7.751 Thread 0x000001f26a3a9d40 Exception <a 'java/lang/NoSuchMethodError'{0x000000008ce9f978}: 'java.lang.Object java.lang.invoke.DirectMethodHandle$Holder.invokeSpecial(java.lang.Object, java.lang.Object, java.lang.Object, java.lang.Object, java.lang.Object, int)'> (0x000000008ce9f978) 
thrown [s\src\hotspot\share\interpreter\linkResolver.cpp, line 771]
Event: 7.751 Thread 0x000001f26a3a9d40 Exception <a 'java/lang/NoSuchMethodError'{0x000000008cea5350}: 'java.lang.Object java.lang.invoke.Invokers$Holder.linkToTargetMethod(java.lang.Object, java.lang.Object, java.lang.Object, int, java.lang.Object)'> (0x000000008cea5350) 
thrown [s\src\hotspot\share\interpreter\linkResolver.cpp, line 771]

VM Operations (20 events):
Event: 7.464 Executing VM operation: HandshakeAllThreads
Event: 7.464 Executing VM operation: HandshakeAllThreads done
Event: 7.464 Executing VM operation: G1PauseCleanup
Event: 7.465 Executing VM operation: G1PauseCleanup done
Event: 7.564 Executing VM operation: HandshakeAllThreads
Event: 7.564 Executing VM operation: HandshakeAllThreads done
Event: 7.723 Executing VM operation: G1CollectForAllocation
Event: 7.727 Executing VM operation: G1CollectForAllocation done
Event: 7.787 Executing VM operation: HandshakeAllThreads
Event: 7.787 Executing VM operation: HandshakeAllThreads done
Event: 7.882 Executing VM operation: G1TryInitiateConcMark
Event: 7.885 Executing VM operation: G1TryInitiateConcMark done
Event: 7.928 Executing VM operation: G1PauseRemark
Event: 7.933 Executing VM operation: G1PauseRemark done
Event: 7.954 Executing VM operation: G1PauseCleanup
Event: 7.955 Executing VM operation: G1PauseCleanup done
Event: 8.145 Executing VM operation: G1CollectForAllocation
Event: 8.148 Executing VM operation: G1CollectForAllocation done
Event: 8.202 Executing VM operation: G1CollectForAllocation
Event: 8.206 Executing VM operation: G1CollectForAllocation done

Events (20 events):
Event: 7.369 loading class java/util/ArrayList$ListItr
Event: 7.369 loading class java/util/ArrayList$ListItr done
Event: 7.495 Thread 0x000001f26e260ec0 Thread added: 0x000001f26e260ec0
Event: 7.496 Thread 0x000001f26e25cf00 Thread added: 0x000001f26e25cf00
Event: 7.508 loading class java/text/StringCharacterIterator
Event: 7.508 loading class java/text/CharacterIterator
Event: 7.508 loading class java/text/CharacterIterator done
Event: 7.508 loading class java/text/StringCharacterIterator done
Event: 7.543 loading class java/io/NotSerializableException
Event: 7.543 loading class java/io/NotSerializableException done
Event: 7.563 loading class java/util/AbstractList$ListItr
Event: 7.563 loading class java/util/AbstractList$ListItr done
Event: 7.708 loading class java/util/function/IntUnaryOperator
Event: 7.708 loading class java/util/function/IntUnaryOperator done
Event: 7.736 Thread 0x000001f26e25cf00 Thread exited: 0x000001f26e25cf00
Event: 7.737 loading class java/util/AbstractList$SubList
Event: 7.737 loading class java/util/AbstractList$SubList done
Event: 7.737 loading class java/util/AbstractList$SubList$1
Event: 7.737 loading class java/util/AbstractList$SubList$1 done
Event: 7.922 Thread 0x000001f26e261410 Thread added: 0x000001f26e261410


Dynamic libraries:
0x00007ff786d10000 - 0x00007ff786d1a000 	C:\Program Files\Android\Android Studio\jbr\bin\java.exe
0x00007ffdb40f0000 - 0x00007ffdb4307000 	C:\WINDOWS\SYSTEM32\ntdll.dll
0x00007ffdb3140000 - 0x00007ffdb3204000 	C:\WINDOWS\System32\KERNEL32.DLL
0x00007ffdb1610000 - 0x00007ffdb19b7000 	C:\WINDOWS\System32\KERNELBASE.dll
0x00007ffdb1d00000 - 0x00007ffdb1e11000 	C:\WINDOWS\System32\ucrtbase.dll
0x00007ffda15c0000 - 0x00007ffda15d7000 	C:\Program Files\Android\Android Studio\jbr\bin\jli.dll
0x00007ffda1530000 - 0x00007ffda154b000 	C:\Program Files\Android\Android Studio\jbr\bin\VCRUNTIME140.dll
0x00007ffdb3ea0000 - 0x00007ffdb404e000 	C:\WINDOWS\System32\USER32.dll
0x00007ffda5150000 - 0x00007ffda53e3000 	C:\WINDOWS\WinSxS\amd64_microsoft.windows.common-controls_6595b64144ccf1df_6.0.22621.3527_none_270e469b73872a76\COMCTL32.dll
0x00007ffdb1410000 - 0x00007ffdb1436000 	C:\WINDOWS\System32\win32u.dll
0x00007ffdb26b0000 - 0x00007ffdb2757000 	C:\WINDOWS\System32\msvcrt.dll
0x00007ffdb3d10000 - 0x00007ffdb3d39000 	C:\WINDOWS\System32\GDI32.dll
0x00007ffdb14f0000 - 0x00007ffdb1609000 	C:\WINDOWS\System32\gdi32full.dll
0x00007ffdb1a80000 - 0x00007ffdb1b1a000 	C:\WINDOWS\System32\msvcp_win.dll
0x00007ffdb3db0000 - 0x00007ffdb3de1000 	C:\WINDOWS\System32\IMM32.DLL
0x00007ffdaa1f0000 - 0x00007ffdaa1fc000 	C:\Program Files\Android\Android Studio\jbr\bin\vcruntime140_1.dll
0x00007ffd98a70000 - 0x00007ffd98afd000 	C:\Program Files\Android\Android Studio\jbr\bin\msvcp140.dll
0x00007ffd400a0000 - 0x00007ffd40d23000 	C:\Program Files\Android\Android Studio\jbr\bin\server\jvm.dll
0x00007ffdb2840000 - 0x00007ffdb28f2000 	C:\WINDOWS\System32\ADVAPI32.dll
0x00007ffdb3df0000 - 0x00007ffdb3e98000 	C:\WINDOWS\System32\sechost.dll
0x00007ffdb14c0000 - 0x00007ffdb14e8000 	C:\WINDOWS\System32\bcrypt.dll
0x00007ffdb3020000 - 0x00007ffdb3135000 	C:\WINDOWS\System32\RPCRT4.dll
0x00007ffdb0250000 - 0x00007ffdb029d000 	C:\WINDOWS\SYSTEM32\POWRPROF.dll
0x00007ffdaaee0000 - 0x00007ffdaaeea000 	C:\WINDOWS\SYSTEM32\VERSION.dll
0x00007ffdacdf0000 - 0x00007ffdace24000 	C:\WINDOWS\SYSTEM32\WINMM.dll
0x00007ffdad6c0000 - 0x00007ffdad6c9000 	C:\WINDOWS\SYSTEM32\WSOCK32.dll
0x00007ffdb1e40000 - 0x00007ffdb1eb1000 	C:\WINDOWS\System32\WS2_32.dll
0x00007ffdb0230000 - 0x00007ffdb0243000 	C:\WINDOWS\SYSTEM32\UMPDC.dll
0x00007ffdb04e0000 - 0x00007ffdb04f8000 	C:\WINDOWS\SYSTEM32\kernel.appcore.dll
0x00007ffdae230000 - 0x00007ffdae23a000 	C:\Program Files\Android\Android Studio\jbr\bin\jimage.dll
0x00007ffdaece0000 - 0x00007ffdaef12000 	C:\WINDOWS\SYSTEM32\DBGHELP.DLL
0x00007ffdb2190000 - 0x00007ffdb2518000 	C:\WINDOWS\System32\combase.dll
0x00007ffdb2760000 - 0x00007ffdb2837000 	C:\WINDOWS\System32\OLEAUT32.dll
0x00007ffdaa6a0000 - 0x00007ffdaa6d2000 	C:\WINDOWS\SYSTEM32\dbgcore.DLL
0x00007ffdb1440000 - 0x00007ffdb14b9000 	C:\WINDOWS\System32\bcryptPrimitives.dll
0x00007ffdaa740000 - 0x00007ffdaa74e000 	C:\Program Files\Android\Android Studio\jbr\bin\instrument.dll
0x00007ffda3c10000 - 0x00007ffda3c35000 	C:\Program Files\Android\Android Studio\jbr\bin\java.dll
0x00007ffdad9d0000 - 0x00007ffdad9e8000 	C:\Program Files\Android\Android Studio\jbr\bin\zip.dll
0x00007ffdb3300000 - 0x00007ffdb3b5c000 	C:\WINDOWS\System32\SHELL32.dll
0x00007ffdaf310000 - 0x00007ffdafc06000 	C:\WINDOWS\SYSTEM32\windows.storage.dll
0x00007ffdaf1c0000 - 0x00007ffdaf2fe000 	C:\WINDOWS\SYSTEM32\wintypes.dll
0x00007ffdb25a0000 - 0x00007ffdb2695000 	C:\WINDOWS\System32\SHCORE.dll
0x00007ffdb4050000 - 0x00007ffdb40ae000 	C:\WINDOWS\System32\shlwapi.dll
0x00007ffdb1340000 - 0x00007ffdb1361000 	C:\WINDOWS\SYSTEM32\profapi.dll
0x00007ffda91e0000 - 0x00007ffda91f9000 	C:\Program Files\Android\Android Studio\jbr\bin\net.dll
0x00007ffdad100000 - 0x00007ffdad236000 	C:\WINDOWS\SYSTEM32\WINHTTP.dll
0x00007ffdb0940000 - 0x00007ffdb09a9000 	C:\WINDOWS\system32\mswsock.dll
0x00007ffda2520000 - 0x00007ffda2536000 	C:\Program Files\Android\Android Studio\jbr\bin\nio.dll
0x00007ffdadf50000 - 0x00007ffdadf60000 	C:\Program Files\Android\Android Studio\jbr\bin\verify.dll
0x00007ffd9fd70000 - 0x00007ffd9fd97000 	C:\Users\ASUS\.gradle\native\c067742578af261105cb4f569cf0c3c89f3d7b1fecec35dd04571415982c5e48\windows-amd64\native-platform.dll
0x00007ffd6fe90000 - 0x00007ffd6ffd4000 	C:\Users\ASUS\.gradle\native\38dada09dfb8b06ba9b0570ebf7e218e3eb74d4ef43ca46872605cf95ebc2f47\windows-amd64\native-platform-file-events.dll
0x00007ffdad740000 - 0x00007ffdad749000 	C:\Program Files\Android\Android Studio\jbr\bin\management.dll
0x00007ffdad580000 - 0x00007ffdad58b000 	C:\Program Files\Android\Android Studio\jbr\bin\management_ext.dll
0x00007ffdb3da0000 - 0x00007ffdb3da8000 	C:\WINDOWS\System32\PSAPI.DLL
0x00007ffdb0c90000 - 0x00007ffdb0cab000 	C:\WINDOWS\SYSTEM32\CRYPTSP.dll
0x00007ffdb0440000 - 0x00007ffdb0475000 	C:\WINDOWS\system32\rsaenh.dll
0x00007ffdb09e0000 - 0x00007ffdb0a08000 	C:\WINDOWS\SYSTEM32\USERENV.dll
0x00007ffdb0c70000 - 0x00007ffdb0c7c000 	C:\WINDOWS\SYSTEM32\CRYPTBASE.dll
0x00007ffdafee0000 - 0x00007ffdaff0d000 	C:\WINDOWS\SYSTEM32\IPHLPAPI.DLL
0x00007ffdb26a0000 - 0x00007ffdb26a9000 	C:\WINDOWS\System32\NSI.dll
0x00007ffdad0d0000 - 0x00007ffdad0e9000 	C:\WINDOWS\SYSTEM32\dhcpcsvc6.DLL
0x00007ffdad0b0000 - 0x00007ffdad0cf000 	C:\WINDOWS\SYSTEM32\dhcpcsvc.DLL
0x00007ffdaff50000 - 0x00007ffdb0048000 	C:\WINDOWS\SYSTEM32\DNSAPI.dll
0x00007ffda92d0000 - 0x00007ffda92d8000 	C:\WINDOWS\system32\wshunix.dll

dbghelp: loaded successfully - version: 4.0.5 - missing functions: none
symbol engine: initialized successfully - sym options: 0x614 - pdb path: .;C:\Program Files\Android\Android Studio\jbr\bin;C:\WINDOWS\SYSTEM32;C:\WINDOWS\WinSxS\amd64_microsoft.windows.common-controls_6595b64144ccf1df_6.0.22621.3527_none_270e469b73872a76;C:\Program Files\Android\Android Studio\jbr\bin\server;C:\Users\ASUS\.gradle\native\c067742578af261105cb4f569cf0c3c89f3d7b1fecec35dd04571415982c5e48\windows-amd64;C:\Users\ASUS\.gradle\native\38dada09dfb8b06ba9b0570ebf7e218e3eb74d4ef43ca46872605cf95ebc2f47\windows-amd64

VM Arguments:
jvm_args: --add-opens=java.base/java.util=ALL-UNNAMED --add-opens=java.base/java.lang=ALL-UNNAMED --add-opens=java.base/java.lang.invoke=ALL-UNNAMED --add-opens=java.prefs/java.util.prefs=ALL-UNNAMED --add-opens=java.base/java.nio.charset=ALL-UNNAMED --add-opens=java.base/java.net=ALL-UNNAMED --add-opens=java.base/java.util.concurrent.atomic=ALL-UNNAMED -Xmx2048m -Dfile.encoding=UTF-8 -Duser.country=US -Duser.language=en -Duser.variant -javaagent:C:\Users\ASUS\.gradle\wrapper\dists\gradle-8.4-bin\1w5dpkrfk8irigvoxmyhowfim\gradle-8.4\lib\agents\gradle-instrumentation-agent-8.4.jar 
java_command: org.gradle.launcher.daemon.bootstrap.GradleDaemon 8.4
java_class_path (initial): C:\Users\ASUS\.gradle\wrapper\dists\gradle-8.4-bin\1w5dpkrfk8irigvoxmyhowfim\gradle-8.4\lib\gradle-launcher-8.4.jar
Launcher Type: SUN_STANDARD

[Global flags]
     intx CICompilerCount                          = 4                                         {product} {ergonomic}
     uint ConcGCThreads                            = 2                                         {product} {ergonomic}
     uint G1ConcRefinementThreads                  = 8                                         {product} {ergonomic}
   size_t G1HeapRegionSize                         = 1048576                                   {product} {ergonomic}
    uintx GCDrainStackTargetSize                   = 64                                        {product} {ergonomic}
   size_t InitialHeapSize                          = 266338304                                 {product} {ergonomic}
   size_t MarkStackSize                            = 4194304                                   {product} {ergonomic}
   size_t MaxHeapSize                              = 2147483648                                {product} {command line}
   size_t MaxNewSize                               = 1287651328                                {product} {ergonomic}
   size_t MinHeapDeltaBytes                        = 1048576                                   {product} {ergonomic}
   size_t MinHeapSize                              = 8388608                                   {product} {ergonomic}
    uintx NonNMethodCodeHeapSize                   = 5839372                                {pd product} {ergonomic}
    uintx NonProfiledCodeHeapSize                  = 122909434                              {pd product} {ergonomic}
    uintx ProfiledCodeHeapSize                     = 122909434                              {pd product} {ergonomic}
    uintx ReservedCodeCacheSize                    = 251658240                              {pd product} {ergonomic}
     bool SegmentedCodeCache                       = true                                      {product} {ergonomic}
   size_t SoftMaxHeapSize                          = 2147483648                             {manageable} {ergonomic}
     bool UseCompressedClassPointers               = true                           {product lp64_product} {ergonomic}
     bool UseCompressedOops                        = true                           {product lp64_product} {ergonomic}
     bool UseG1GC                                  = true                                      {product} {ergonomic}
     bool UseLargePagesIndividualAllocation        = false                                  {pd product} {ergonomic}

Logging:
Log output configuration:
 #0: stdout all=warning uptime,level,tags
 #1: stderr all=off uptime,level,tags

Environment Variables:
JAVA_HOME=C:\Program Files\Java\jdk-21
PATH=C:\Program Files\Common Files\Oracle\Java\javapath;C:\Windows\system32;C:\Windows;C:\Windows\System32\Wbem;C:\Windows\System32\WindowsPowerShell\v1.0\;C:\Windows\System32\OpenSSH\;C:\Program Files\Microsoft VS Code\bin;C:\Program Files (x86)\NVIDIA Corporation\PhysX\Common;C:\Program Files\NVIDIA Corporation\NVIDIA NvDLISR;C:\Program Files\dotnet\;C:\Program Files\Git\cmd;C:\Program Files\Java\jdk-21\bin;C:\WINDOWS\system32;C:\WINDOWS;C:\WINDOWS\System32\Wbem;C:\WINDOWS\System32\WindowsPowerShell\v1.0\;C:\WINDOWS\System32\OpenSSH\;C:\hadoop-3.3.6\bin;C:\hadoop-3.3.6\sbin;C:\Program Files\Java\jdk-21\bin;C:\Users\ASUS\AppData\Local\Microsoft\WindowsApps;C:\Program Files\JetBrains\IntelliJ IDEA Community Edition 2023.3.2\bin;;C:\Users\ASUS\AppData\Local\GitHubDesktop\bin;
USERNAME=ASUS
OS=Windows_NT
PROCESSOR_IDENTIFIER=Intel64 Family 6 Model 165 Stepping 2, GenuineIntel
TMP=C:\Users\ASUS\AppData\Local\Temp
TEMP=C:\Users\ASUS\AppData\Local\Temp



Periodic native trim disabled

JNI global refs:
JNI global refs: 28, weak refs: 11

JNI global refs memory usage: 843, weak refs: 841

OOME stack traces (most recent first):
Classloader memory used:
Loader org.gradle.internal.classloader.VisitableURLClassLoader                         : 7902K
Loader bootstrap                                                                       : 2458K
Loader org.gradle.initialization.MixInLegacyTypesClassLoader                           : 702K
Loader org.gradle.internal.classloader.VisitableURLClassLoader$InstrumentingVisitableURLClassLoader: 81362B
Loader jdk.internal.loader.ClassLoaders$PlatformClassLoader                            : 65116B
Loader org.gradle.internal.classloader.VisitableURLClassLoader                         : 52926B
Loader jdk.internal.jrtfs.JrtFileSystemProvider$JrtFsLoader                            : 40135B
Loader jdk.internal.loader.ClassLoaders$AppClassLoader                                 : 28460B
Loader jdk.internal.reflect.DelegatingClassLoader                                      : 25550B
Loader org.gradle.groovy.scripts.internal.DefaultScriptCompilationHandler$ScriptClassLoader: 10948B
Loader org.codehaus.groovy.runtime.callsite.CallSiteClassLoader                        : 5773B

Classes loaded by more than one classloader:
Class org.gradle.api.GradleException                                                  : loaded 3 times (x 80B)
Class org.gradle.util.GradleVersion                                                   : loaded 2 times (x 81B)
Class org.jetbrains.plugins.gradle.model.MavenRepositoryModel                         : loaded 2 times (x 68B)
Class org.gradle.internal.classpath.ClassPath                                         : loaded 2 times (x 68B)
Class org.gradle.api.internal.classpath.DefaultModuleRegistry                         : loaded 2 times (x 84B)
Class org.gradle.internal.exceptions.NonGradleCauseExceptionsHolder                   : loaded 2 times (x 68B)
Class com.intellij.openapi.externalSystem.model.ExternalSystemException               : loaded 2 times (x 84B)
Class jdk.internal.jimage.BasicImageReader$1                                          : loaded 2 times (x 75B)
Class org.gradle.api.Action                                                           : loaded 2 times (x 68B)
Class org.jetbrains.plugins.gradle.model.ExternalProject                              : loaded 2 times (x 68B)
Class jdk.internal.jimage.ImageBufferCache$1                                          : loaded 2 times (x 78B)
Class jdk.internal.jimage.ImageBufferCache$2                                          : loaded 2 times (x 89B)
Class org.gradle.api.internal.DefaultClassPathProvider                                : loaded 2 times (x 74B)
Class org.gradle.internal.installation.GradleInstallation$1                           : loaded 2 times (x 73B)
Class jdk.internal.jrtfs.SystemImage$1                                                : loaded 2 times (x 76B)
Class jdk.internal.jrtfs.SystemImage$2                                                : loaded 2 times (x 74B)
Class org.gradle.internal.exceptions.DefaultMultiCauseException                       : loaded 2 times (x 89B)
Class org.gradle.internal.time.MonotonicClock                                         : loaded 2 times (x 75B)
Class org.gradle.internal.classloader.FilteringClassLoader                            : loaded 2 times (x 103B)
Class jdk.internal.jimage.ImageReader$Resource                                        : loaded 2 times (x 82B)
Class jdk.internal.jrtfs.SystemImage                                                  : loaded 2 times (x 72B)
Class org.gradle.tooling.model.Model                                                  : loaded 2 times (x 68B)
Class org.gradle.internal.classpath.DefaultClassPath$ImmutableUniqueList$Builder      : loaded 2 times (x 73B)
Class jdk.internal.jrtfs.JrtDirectoryStream$1                                         : loaded 2 times (x 81B)
Class org.gradle.internal.classloader.ClassLoaderVisitor                              : loaded 2 times (x 74B)
Class org.gradle.internal.time.DefaultCountdownTimer                                  : loaded 2 times (x 86B)
Class org.gradle.internal.service.DefaultServiceLocator                               : loaded 2 times (x 81B)
Class org.gradle.internal.service.UnknownServiceException                             : loaded 2 times (x 81B)
Class org.gradle.internal.classloader.DefaultClassLoaderFactory                       : loaded 2 times (x 80B)
Class jdk.internal.jimage.ImageReader$SharedImageReader                               : loaded 2 times (x 93B)
Class jdk.internal.jimage.decompressor.ZipDecompressorFactory                         : loaded 2 times (x 72B)
Class org.gradle.internal.classloader.VisitableURLClassLoader$Spec                    : loaded 2 times (x 72B)
Class org.gradle.tooling.model.ProjectModel                                           : loaded 2 times (x 68B)
Class org.gradle.internal.installation.GradleInstallation                             : loaded 2 times (x 73B)
Class org.gradle.api.internal.classpath.ModuleRegistry                                : loaded 2 times (x 68B)
Class org.jetbrains.plugins.gradle.model.RepositoriesModel                            : loaded 2 times (x 68B)
Class kotlin.jvm.internal.markers.KMappedMarker                                       : loaded 2 times (x 68B)
Class org.gradle.api.internal.ClassPathProvider                                       : loaded 2 times (x 68B)
Class org.gradle.internal.classloader.ClasspathUtil$1                                 : loaded 2 times (x 74B)
Class org.gradle.internal.classloader.ClassLoaderFactory                              : loaded 2 times (x 68B)
Class jdk.internal.jimage.ImageHeader                                                 : loaded 2 times (x 69B)
Class org.gradle.api.internal.classpath.ManifestUtil                                  : loaded 2 times (x 69B)
Class org.gradle.api.specs.Spec                                                       : loaded 2 times (x 68B)
Class ijInit1_1hs6knqjmi03xokj2gosxytfy                                               : loaded 2 times (x 177B)
Class org.gradle.internal.IoActions                                                   : loaded 2 times (x 69B)
Class jdk.internal.jimage.decompressor.StringSharingDecompressorFactory               : loaded 2 times (x 72B)
Class org.gradle.api.internal.classpath.EffectiveClassPath                            : loaded 2 times (x 88B)
Class kotlin.jvm.internal.DefaultConstructorMarker                                    : loaded 2 times (x 69B)
Class org.gradle.internal.installation.CurrentGradleInstallation                      : loaded 2 times (x 71B)
Class org.gradle.internal.agents.InstrumentingClassLoader                             : loaded 2 times (x 68B)
Class org.gradle.internal.installation.CurrentGradleInstallationLocator               : loaded 2 times (x 69B)
Class org.gradle.api.internal.classpath.Module                                        : loaded 2 times (x 68B)
Class org.gradle.internal.service.CachingServiceLocator                               : loaded 2 times (x 80B)
Class org.gradle.internal.time.Timer                                                  : loaded 2 times (x 68B)
Class org.gradle.internal.classpath.DefaultClassPath                                  : loaded 2 times (x 88B)
Class jdk.internal.jimage.BasicImageReader                                            : loaded 2 times (x 93B)
Class jdk.internal.jimage.ImageLocation                                               : loaded 2 times (x 88B)
Class kotlin.jvm.functions.Function1                                                  : loaded 2 times (x 68B)
Class jdk.internal.jimage.ImageReader$Node                                            : loaded 2 times (x 82B)
Class org.gradle.internal.time.Time                                                   : loaded 2 times (x 69B)
Class jdk.internal.jimage.decompressor.CompressedResourceHeader                       : loaded 2 times (x 69B)
Class org.gradle.internal.time.TimeSource$1                                           : loaded 2 times (x 75B)
Class jdk.internal.jrtfs.JrtPath                                                      : loaded 2 times (x 116B)
Class jdk.internal.jimage.ImageStrings                                                : loaded 2 times (x 68B)
Class jdk.internal.jrtfs.JrtFileAttributes                                            : loaded 2 times (x 81B)
Class org.gradle.internal.classloader.SystemClassLoaderSpec                           : loaded 2 times (x 69B)
Class jdk.internal.jimage.decompressor.ResourceDecompressorRepository                 : loaded 2 times (x 69B)
Class kotlin.Function                                                                 : loaded 2 times (x 68B)
Class org.gradle.api.UncheckedIOException                                             : loaded 2 times (x 80B)
Class sync_studio_tooling6_3mstqlimqrx2qgt44b8dx8uz1                                  : loaded 2 times (x 177B)
Class jdk.internal.jimage.decompressor.ResourceDecompressor$StringsProvider           : loaded 2 times (x 68B)
Class jdk.internal.jimage.decompressor.Decompressor                                   : loaded 2 times (x 70B)
Class jdk.internal.jrtfs.JrtFileSystem                                                : loaded 2 times (x 100B)
Class jdk.internal.jrtfs.JrtFileSystemProvider                                        : loaded 2 times (x 97B)
Class org.gradle.internal.time.CountdownTimer                                         : loaded 2 times (x 68B)
Class org.gradle.internal.time.Clock                                                  : loaded 2 times (x 68B)
Class org.gradle.internal.classloader.ClasspathUtil                                   : loaded 2 times (x 69B)
Class jdk.internal.jrtfs.JrtDirectoryStream                                           : loaded 2 times (x 87B)
Class jdk.internal.jimage.decompressor.ResourceDecompressor                           : loaded 2 times (x 68B)
Class org.gradle.api.internal.DefaultClassPathRegistry                                : loaded 2 times (x 74B)
Class org.gradle.api.internal.classpath.DefaultModuleRegistry$DefaultModule           : loaded 2 times (x 84B)
Class org.gradle.internal.time.TimeSource                                             : loaded 2 times (x 68B)
Class org.gradle.api.internal.classpath.UnknownModuleException                        : loaded 2 times (x 80B)
Class org.gradle.internal.service.ServiceLookupException                              : loaded 2 times (x 80B)
Class jdk.internal.jimage.ImageStringsReader                                          : loaded 2 times (x 78B)
Class org.gradle.cache.GlobalCache                                                    : loaded 2 times (x 68B)
Class jdk.internal.jimage.decompressor.ResourceDecompressorFactory                    : loaded 2 times (x 72B)
Class [Lorg.gradle.api.internal.ClassPathProvider;                                    : loaded 2 times (x 67B)
Class jdk.internal.jimage.ImageReader$SharedImageReader$LocationVisitor               : loaded 2 times (x 68B)
Class org.gradle.internal.operations.MultipleBuildOperationFailures                   : loaded 2 times (x 89B)
Class org.gradle.util.internal.GUtil                                                  : loaded 2 times (x 69B)
Class jdk.internal.jimage.decompressor.ZipDecompressor                                : loaded 2 times (x 73B)
Class org.gradle.internal.classloader.ClassLoaderSpec                                 : loaded 2 times (x 69B)
Class org.gradle.internal.classloader.VisitableURLClassLoader                         : loaded 2 times (x 115B)
Class org.gradle.internal.Cast                                                        : loaded 2 times (x 69B)
Class org.gradle.api.internal.ClassPathRegistry                                       : loaded 2 times (x 68B)
Class sync_studio_tooling6_3mstqlimqrx2qgt44b8dx8uz1$_run_closure1                    : loaded 2 times (x 137B)
Class org.gradle.internal.classloader.VisitableURLClassLoader$InstrumentingVisitableURLClassLoader: loaded 2 times (x 121B)
Class org.gradle.internal.classloader.ClassLoaderHierarchy                            : loaded 2 times (x 68B)
Class org.gradle.internal.exceptions.MultiCauseException                              : loaded 2 times (x 68B)
Class jdk.internal.jimage.ImageReader                                                 : loaded 2 times (x 73B)
Class org.gradle.internal.InternalTransformer                                         : loaded 2 times (x 68B)
Class org.gradle.internal.service.ServiceLocator                                      : loaded 2 times (x 68B)
Class org.gradle.internal.classpath.DefaultClassPath$ImmutableUniqueList              : loaded 2 times (x 159B)
Class jdk.internal.jimage.ImageBufferCache                                            : loaded 2 times (x 69B)
Class org.gradle.internal.time.DefaultTimer                                           : loaded 2 times (x 78B)
Class org.gradle.internal.classpath.TransformedClassPath                              : loaded 2 times (x 94B)
Class jdk.internal.jimage.ImageReader$Directory                                       : loaded 2 times (x 82B)


---------------  S Y S T E M  ---------------

OS:
 Windows 11 , 64 bit Build 22621 (10.0.22621.3527)
OS uptime: 28 days 16:56 hours
Hyper-V role detected

CPU: total 8 (initial active 8) (4 cores per cpu, 2 threads per core) family 6 model 165 stepping 2 microcode 0xe0, cx8, cmov, fxsr, ht, mmx, 3dnowpref, sse, sse2, sse3, ssse3, sse4.1, sse4.2, popcnt, lzcnt, tsc, tscinvbit, avx, avx2, aes, erms, clmul, bmi1, bmi2, adx, fma, vzeroupper, clflush, clflushopt, hv
Processor Information for all 8 processors :
  Max Mhz: 2496, Current Mhz: 2496, Mhz Limit: 2496

Memory: 4k page, system-wide physical 16221M (5840M free)
TotalPageFile size 45638M (AvailPageFile size 5M)
current process WorkingSet (physical memory assigned to process): 414M, peak: 414M
current process commit charge ("private bytes"): 448M, peak: 448M

vm_info: OpenJDK 64-Bit Server VM (17.0.9+0--11185874) for windows-amd64 JRE (17.0.9+0--11185874), built on Dec  6 2023 18:57:44 by "androidbuild" with MS VC++ 16.10 / 16.11 (VS2019)

END.
